# JRE version: OpenJDK Runtime Environment (8.0_242-b01) (build 1.8.0_242-release-1644-b01)
# Java VM: OpenJDK 64-Bit Server VM (25.242-b01 mixed mode windows-amd64 compressed oops)
Heap:
 PSYoungGen      total 365056K, used 272059K [0x00000000e0000000, 0x00000000fb300000, 0x0000000100000000)
  eden space 336896K, 79% used [0x00000000e0000000,0x00000000f05bd530,0x00000000f4900000)
  from space 28160K, 14% used [0x00000000f7680000,0x00000000f7a71a28,0x00000000f9200000)
  to   space 46592K, 0% used [0x00000000f4900000,0x00000000f4900000,0x00000000f7680000)
 ParOldGen       total 109568K, used 109091K [0x00000000a0000000, 0x00000000a6b00000, 0x00000000e0000000)
  object space 109568K, 99% used [0x00000000a0000000,0x00000000a6a88d38,0x00000000a6b00000)
 Metaspace       used 91256K, capacity 94805K, committed 95256K, reserved 1132544K
  class space    used 11957K, capacity 12671K, committed 12848K, reserved 1048576K
GC Heap History (10 events):
Event: 17.141 GC heap before
{Heap before GC invocations=16 (full 3):
 PSYoungGen      total 238592K, used 216576K [0x00000000e0000000, 0x00000000f1500000, 0x0000000100000000)
  eden space 216576K, 100% used [0x00000000e0000000,0x00000000ed380000,0x00000000ed380000)
  from space 22016K, 0% used [0x00000000ee980000,0x00000000ee980000,0x00000000eff00000)
  to   space 22528K, 0% used [0x00000000ed380000,0x00000000ed380000,0x00000000ee980000)
 ParOldGen       total 109568K, used 31876K [0x00000000a0000000, 0x00000000a6b00000, 0x00000000e0000000)
  object space 109568K, 29% used [0x00000000a0000000,0x00000000a1f21188,0x00000000a6b00000)
 Metaspace       used 64760K, capacity 67571K, committed 67864K, reserved 1107968K
  class space    used 8849K, capacity 9444K, committed 9520K, reserved 1048576K
Event: 17.166 GC heap after
Heap after GC invocations=16 (full 3):
 PSYoungGen      total 239104K, used 20737K [0x00000000e0000000, 0x00000000f4a80000, 0x0000000100000000)
  eden space 216576K, 0% used [0x00000000e0000000,0x00000000e0000000,0x00000000ed380000)
  from space 22528K, 92% used [0x00000000ed380000,0x00000000ee7c0528,0x00000000ee980000)
  to   space 25600K, 0% used [0x00000000f3180000,0x00000000f3180000,0x00000000f4a80000)
 ParOldGen       total 109568K, used 31884K [0x00000000a0000000, 0x00000000a6b00000, 0x00000000e0000000)
  object space 109568K, 29% used [0x00000000a0000000,0x00000000a1f23188,0x00000000a6b00000)
 Metaspace       used 64760K, capacity 67571K, committed 67864K, reserved 1107968K
  class space    used 8849K, capacity 9444K, committed 9520K, reserved 1048576K
}
Event: 20.788 GC heap before
{Heap before GC invocations=17 (full 3):
 PSYoungGen      total 239104K, used 237313K [0x00000000e0000000, 0x00000000f4a80000, 0x0000000100000000)
  eden space 216576K, 100% used [0x00000000e0000000,0x00000000ed380000,0x00000000ed380000)
  from space 22528K, 92% used [0x00000000ed380000,0x00000000ee7c0528,0x00000000ee980000)
  to   space 25600K, 0% used [0x00000000f3180000,0x00000000f3180000,0x00000000f4a80000)
 ParOldGen       total 109568K, used 31884K [0x00000000a0000000, 0x00000000a6b00000, 0x00000000e0000000)
  object space 109568K, 29% used [0x00000000a0000000,0x00000000a1f23188,0x00000000a6b00000)
 Metaspace       used 67333K, capacity 70349K, committed 70424K, reserved 1110016K
  class space    used 9109K, capacity 9751K, committed 9776K, reserved 1048576K
Event: 20.836 GC heap after
Heap after GC invocations=17 (full 3):
 PSYoungGen      total 304640K, used 18945K [0x00000000e0000000, 0x00000000f4800000, 0x0000000100000000)
  eden space 281600K, 0% used [0x00000000e0000000,0x00000000e0000000,0x00000000f1300000)
  from space 23040K, 82% used [0x00000000f3180000,0x00000000f44005e0,0x00000000f4800000)
  to   space 27136K, 0% used [0x00000000f1300000,0x00000000f1300000,0x00000000f2d80000)
 ParOldGen       total 109568K, used 46628K [0x00000000a0000000, 0x00000000a6b00000, 0x00000000e0000000)
  object space 109568K, 42% used [0x00000000a0000000,0x00000000a2d89030,0x00000000a6b00000)
 Metaspace       used 67333K, capacity 70349K, committed 70424K, reserved 1110016K
  class space    used 9109K, capacity 9751K, committed 9776K, reserved 1048576K
}
Event: 38.553 GC heap before
{Heap before GC invocations=18 (full 3):
 PSYoungGen      total 304640K, used 300545K [0x00000000e0000000, 0x00000000f4800000, 0x0000000100000000)
  eden space 281600K, 100% used [0x00000000e0000000,0x00000000f1300000,0x00000000f1300000)
  from space 23040K, 82% used [0x00000000f3180000,0x00000000f44005e0,0x00000000f4800000)
  to   space 27136K, 0% used [0x00000000f1300000,0x00000000f1300000,0x00000000f2d80000)
 ParOldGen       total 109568K, used 46628K [0x00000000a0000000, 0x00000000a6b00000, 0x00000000e0000000)
  object space 109568K, 42% used [0x00000000a0000000,0x00000000a2d89030,0x00000000a6b00000)
 Metaspace       used 76283K, capacity 79507K, committed 79768K, reserved 1118208K
  class space    used 10192K, capacity 10855K, committed 10928K, reserved 1048576K
Event: 38.601 GC heap after
Heap after GC invocations=18 (full 3):
 PSYoungGen      total 308736K, used 17323K [0x00000000e0000000, 0x00000000f9200000, 0x0000000100000000)
  eden space 281600K, 0% used [0x00000000e0000000,0x00000000e0000000,0x00000000f1300000)
  from space 27136K, 63% used [0x00000000f1300000,0x00000000f23eac28,0x00000000f2d80000)
  to   space 28160K, 0% used [0x00000000f7680000,0x00000000f7680000,0x00000000f9200000)
 ParOldGen       total 109568K, used 49976K [0x00000000a0000000, 0x00000000a6b00000, 0x00000000e0000000)
  object space 109568K, 45% used [0x00000000a0000000,0x00000000a30ce0e8,0x00000000a6b00000)
 Metaspace       used 76283K, capacity 79507K, committed 79768K, reserved 1118208K
  class space    used 10192K, capacity 10855K, committed 10928K, reserved 1048576K
}
Event: 43.304 GC heap before
{Heap before GC invocations=19 (full 3):
 PSYoungGen      total 308736K, used 298923K [0x00000000e0000000, 0x00000000f9200000, 0x0000000100000000)
  eden space 281600K, 100% used [0x00000000e0000000,0x00000000f1300000,0x00000000f1300000)
  from space 27136K, 63% used [0x00000000f1300000,0x00000000f23eac28,0x00000000f2d80000)
  to   space 28160K, 0% used [0x00000000f7680000,0x00000000f7680000,0x00000000f9200000)
 ParOldGen       total 109568K, used 49976K [0x00000000a0000000, 0x00000000a6b00000, 0x00000000e0000000)
  object space 109568K, 45% used [0x00000000a0000000,0x00000000a30ce0e8,0x00000000a6b00000)
 Metaspace       used 85847K, capacity 89723K, committed 89880K, reserved 1126400K
  class space    used 11470K, capacity 12272K, committed 12336K, reserved 1048576K
Event: 43.385 GC heap after
Heap after GC invocations=19 (full 3):
 PSYoungGen      total 365056K, used 28138K [0x00000000e0000000, 0x00000000fb300000, 0x0000000100000000)
  eden space 336896K, 0% used [0x00000000e0000000,0x00000000e0000000,0x00000000f4900000)
  from space 28160K, 99% used [0x00000000f7680000,0x00000000f91fab48,0x00000000f9200000)
  to   space 46592K, 0% used [0x00000000f4900000,0x00000000f4900000,0x00000000f7680000)
 ParOldGen       total 109568K, used 88584K [0x00000000a0000000, 0x00000000a6b00000, 0x00000000e0000000)
  object space 109568K, 80% used [0x00000000a0000000,0x00000000a5682130,0x00000000a6b00000)
 Metaspace       used 85847K, capacity 89723K, committed 89880K, reserved 1126400K
  class space    used 11470K, capacity 12272K, committed 12336K, reserved 1048576K
}
Event: 43.386 GC heap before
{Heap before GC invocations=20 (full 4):
 PSYoungGen      total 365056K, used 28138K [0x00000000e0000000, 0x00000000fb300000, 0x0000000100000000)
  eden space 336896K, 0% used [0x00000000e0000000,0x00000000e0000000,0x00000000f4900000)
  from space 28160K, 99% used [0x00000000f7680000,0x00000000f91fab48,0x00000000f9200000)
  to   space 46592K, 0% used [0x00000000f4900000,0x00000000f4900000,0x00000000f7680000)
 ParOldGen       total 109568K, used 88584K [0x00000000a0000000, 0x00000000a6b00000, 0x00000000e0000000)
  object space 109568K, 80% used [0x00000000a0000000,0x00000000a5682130,0x00000000a6b00000)
 Metaspace       used 85847K, capacity 89723K, committed 89880K, reserved 1126400K
  class space    used 11470K, capacity 12272K, committed 12336K, reserved 1048576K
Event: 45.552 GC heap after
Heap after GC invocations=20 (full 4):
 PSYoungGen      total 365056K, used 4038K [0x00000000e0000000, 0x00000000fb300000, 0x0000000100000000)
  eden space 336896K, 0% used [0x00000000e0000000,0x00000000e0000000,0x00000000f4900000)
  from space 28160K, 14% used [0x00000000f7680000,0x00000000f7a71a28,0x00000000f9200000)
  to   space 46592K, 0% used [0x00000000f4900000,0x00000000f4900000,0x00000000f7680000)
 ParOldGen       total 109568K, used 109091K [0x00000000a0000000, 0x00000000a6b00000, 0x00000000e0000000)
  object space 109568K, 99% used [0x00000000a0000000,0x00000000a6a88d38,0x00000000a6b00000)
 Metaspace       used 85605K, capacity 89075K, committed 89880K, reserved 1126400K
  class space    used 11392K, capacity 12132K, committed 12336K, reserved 1048576K
}

