# JRE version: OpenJDK Runtime Environment (8.0_242-b01) (build 1.8.0_242-release-1644-b01)
# Java VM: OpenJDK 64-Bit Server VM (25.242-b01 mixed mode windows-amd64 compressed oops)
Heap:
 PSYoungGen      total 345600K, used 264182K [0x00000000e0000000, 0x00000000faa00000, 0x0000000100000000)
  eden space 313344K, 84% used [0x00000000e0000000,0x00000000f01fd970,0x00000000f3200000)
  from space 32256K, 0% used [0x00000000f6300000,0x00000000f6300000,0x00000000f8280000)
  to   space 50176K, 0% used [0x00000000f3200000,0x00000000f3200000,0x00000000f6300000)
 ParOldGen       total 111616K, used 111504K [0x00000000a0000000, 0x00000000a6d00000, 0x00000000e0000000)
  object space 111616K, 99% used [0x00000000a0000000,0x00000000a6ce4000,0x00000000a6d00000)
 Metaspace       used 96219K, capacity 99952K, committed 101016K, reserved 1136640K
  class space    used 12547K, capacity 13282K, committed 13488K, reserved 1048576K
GC Heap History (10 events):
Event: 16.946 GC heap before
{Heap before GC invocations=17 (full 3):
 PSYoungGen      total 240128K, used 239833K [0x00000000e0000000, 0x00000000f4080000, 0x0000000100000000)
  eden space 218624K, 100% used [0x00000000e0000000,0x00000000ed580000,0x00000000ed580000)
  from space 21504K, 98% used [0x00000000ed580000,0x00000000eea367a0,0x00000000eea80000)
  to   space 25088K, 0% used [0x00000000f2800000,0x00000000f2800000,0x00000000f4080000)
 ParOldGen       total 111616K, used 38395K [0x00000000a0000000, 0x00000000a6d00000, 0x00000000e0000000)
  object space 111616K, 34% used [0x00000000a0000000,0x00000000a257eeb0,0x00000000a6d00000)
 Metaspace       used 67873K, capacity 71530K, committed 71704K, reserved 1112064K
  class space    used 9238K, capacity 9989K, committed 10032K, reserved 1048576K
Event: 16.968 GC heap after
Heap after GC invocations=17 (full 3):
 PSYoungGen      total 295936K, used 25070K [0x00000000e0000000, 0x00000000f4900000, 0x0000000100000000)
  eden space 270848K, 0% used [0x00000000e0000000,0x00000000e0000000,0x00000000f0880000)
  from space 25088K, 99% used [0x00000000f2800000,0x00000000f407bb10,0x00000000f4080000)
  to   space 32256K, 0% used [0x00000000f0880000,0x00000000f0880000,0x00000000f2800000)
 ParOldGen       total 111616K, used 48000K [0x00000000a0000000, 0x00000000a6d00000, 0x00000000e0000000)
  object space 111616K, 43% used [0x00000000a0000000,0x00000000a2ee0088,0x00000000a6d00000)
 Metaspace       used 67873K, capacity 71530K, committed 71704K, reserved 1112064K
  class space    used 9238K, capacity 9989K, committed 10032K, reserved 1048576K
}
Event: 34.198 GC heap before
{Heap before GC invocations=18 (full 3):
 PSYoungGen      total 295936K, used 295918K [0x00000000e0000000, 0x00000000f4900000, 0x0000000100000000)
  eden space 270848K, 100% used [0x00000000e0000000,0x00000000f0880000,0x00000000f0880000)
  from space 25088K, 99% used [0x00000000f2800000,0x00000000f407bb10,0x00000000f4080000)
  to   space 32256K, 0% used [0x00000000f0880000,0x00000000f0880000,0x00000000f2800000)
 ParOldGen       total 111616K, used 48000K [0x00000000a0000000, 0x00000000a6d00000, 0x00000000e0000000)
  object space 111616K, 43% used [0x00000000a0000000,0x00000000a2ee0088,0x00000000a6d00000)
 Metaspace       used 76423K, capacity 80276K, committed 80408K, reserved 1118208K
  class space    used 10289K, capacity 11047K, committed 11056K, reserved 1048576K
Event: 34.339 GC heap after
Heap after GC invocations=18 (full 3):
 PSYoungGen      total 303104K, used 16939K [0x00000000e0000000, 0x00000000f8280000, 0x0000000100000000)
  eden space 270848K, 0% used [0x00000000e0000000,0x00000000e0000000,0x00000000f0880000)
  from space 32256K, 52% used [0x00000000f0880000,0x00000000f190afc0,0x00000000f2800000)
  to   space 32256K, 0% used [0x00000000f6300000,0x00000000f6300000,0x00000000f8280000)
 ParOldGen       total 111616K, used 71945K [0x00000000a0000000, 0x00000000a6d00000, 0x00000000e0000000)
  object space 111616K, 64% used [0x00000000a0000000,0x00000000a46426c8,0x00000000a6d00000)
 Metaspace       used 76423K, capacity 80276K, committed 80408K, reserved 1118208K
  class space    used 10289K, capacity 11047K, committed 11056K, reserved 1048576K
}
Event: 38.263 GC heap before
{Heap before GC invocations=19 (full 3):
 PSYoungGen      total 303104K, used 287787K [0x00000000e0000000, 0x00000000f8280000, 0x0000000100000000)
  eden space 270848K, 100% used [0x00000000e0000000,0x00000000f0880000,0x00000000f0880000)
  from space 32256K, 52% used [0x00000000f0880000,0x00000000f190afc0,0x00000000f2800000)
  to   space 32256K, 0% used [0x00000000f6300000,0x00000000f6300000,0x00000000f8280000)
 ParOldGen       total 111616K, used 71945K [0x00000000a0000000, 0x00000000a6d00000, 0x00000000e0000000)
  object space 111616K, 64% used [0x00000000a0000000,0x00000000a46426c8,0x00000000a6d00000)
 Metaspace       used 85400K, capacity 89756K, committed 89880K, reserved 1126400K
  class space    used 11369K, capacity 12258K, committed 12336K, reserved 1048576K
Event: 38.361 GC heap after
Heap after GC invocations=19 (full 3):
 PSYoungGen      total 345600K, used 32253K [0x00000000e0000000, 0x00000000faa00000, 0x0000000100000000)
  eden space 313344K, 0% used [0x00000000e0000000,0x00000000e0000000,0x00000000f3200000)
  from space 32256K, 99% used [0x00000000f6300000,0x00000000f827f608,0x00000000f8280000)
  to   space 50176K, 0% used [0x00000000f3200000,0x00000000f3200000,0x00000000f6300000)
 ParOldGen       total 111616K, used 107351K [0x00000000a0000000, 0x00000000a6d00000, 0x00000000e0000000)
  object space 111616K, 96% used [0x00000000a0000000,0x00000000a68d5c18,0x00000000a6d00000)
 Metaspace       used 85400K, capacity 89756K, committed 89880K, reserved 1126400K
  class space    used 11369K, capacity 12258K, committed 12336K, reserved 1048576K
}
Event: 38.361 GC heap before
{Heap before GC invocations=20 (full 4):
 PSYoungGen      total 345600K, used 32253K [0x00000000e0000000, 0x00000000faa00000, 0x0000000100000000)
  eden space 313344K, 0% used [0x00000000e0000000,0x00000000e0000000,0x00000000f3200000)
  from space 32256K, 99% used [0x00000000f6300000,0x00000000f827f608,0x00000000f8280000)
  to   space 50176K, 0% used [0x00000000f3200000,0x00000000f3200000,0x00000000f6300000)
 ParOldGen       total 111616K, used 107351K [0x00000000a0000000, 0x00000000a6d00000, 0x00000000e0000000)
  object space 111616K, 96% used [0x00000000a0000000,0x00000000a68d5c18,0x00000000a6d00000)
 Metaspace       used 85400K, capacity 89756K, committed 89880K, reserved 1126400K
  class space    used 11369K, capacity 12258K, committed 12336K, reserved 1048576K
Event: 43.955 GC heap after
Heap after GC invocations=20 (full 4):
 PSYoungGen      total 345600K, used 3033K [0x00000000e0000000, 0x00000000faa00000, 0x0000000100000000)
  eden space 313344K, 0% used [0x00000000e0000000,0x00000000e0000000,0x00000000f3200000)
  from space 32256K, 9% used [0x00000000f6300000,0x00000000f65f6578,0x00000000f8280000)
  to   space 50176K, 0% used [0x00000000f3200000,0x00000000f3200000,0x00000000f6300000)
 ParOldGen       total 111616K, used 111044K [0x00000000a0000000, 0x00000000a6d00000, 0x00000000e0000000)
  object space 111616K, 99% used [0x00000000a0000000,0x00000000a6c71300,0x00000000a6d00000)
 Metaspace       used 84842K, capacity 88178K, committed 89880K, reserved 1126400K
  class space    used 11187K, capacity 11935K, committed 12336K, reserved 1048576K
}
Event: 59.474 GC heap before
{Heap before GC invocations=21 (full 5):
 PSYoungGen      total 345600K, used 316377K [0x00000000e0000000, 0x00000000faa00000, 0x0000000100000000)
  eden space 313344K, 100% used [0x00000000e0000000,0x00000000f3200000,0x00000000f3200000)
  from space 32256K, 9% used [0x00000000f6300000,0x00000000f65f6578,0x00000000f8280000)
  to   space 50176K, 0% used [0x00000000f3200000,0x00000000f3200000,0x00000000f6300000)
 ParOldGen       total 111616K, used 111044K [0x00000000a0000000, 0x00000000a6d00000, 0x00000000e0000000)
  object space 111616K, 99% used [0x00000000a0000000,0x00000000a6c71300,0x00000000a6d00000)
 Metaspace       used 93182K, capacity 96898K, committed 97944K, reserved 1134592K
  class space    used 12208K, capacity 12993K, committed 13232K, reserved 1048576K
Event: 61.359 GC heap after
Heap after GC invocations=21 (full 5):
 PSYoungGen      total 345600K, used 63596K [0x00000000e0000000, 0x00000000faa00000, 0x0000000100000000)
  eden space 313344K, 20% used [0x00000000e0000000,0x00000000e3e1b380,0x00000000f3200000)
  from space 32256K, 0% used [0x00000000f6300000,0x00000000f6300000,0x00000000f8280000)
  to   space 50176K, 0% used [0x00000000f3200000,0x00000000f3200000,0x00000000f6300000)
 ParOldGen       total 111616K, used 111504K [0x00000000a0000000, 0x00000000a6d00000, 0x00000000e0000000)
  object space 111616K, 99% used [0x00000000a0000000,0x00000000a6ce4000,0x00000000a6d00000)
 Metaspace       used 93130K, capacity 96764K, committed 97944K, reserved 1134592K
  class space    used 12189K, capacity 12958K, committed 13232K, reserved 1048576K
}

