# JRE version: OpenJDK Runtime Environment (8.0_242-b01) (build 1.8.0_242-release-1644-b01)
# Java VM: OpenJDK 64-Bit Server VM (25.242-b01 mixed mode windows-amd64 compressed oops)
Heap:
 PSYoungGen      total 393216K, used 23831K [0x00000000e0000000, 0x0000000100000000, 0x0000000100000000)
  eden space 359936K, 5% used [0x00000000e0000000,0x00000000e11cbac8,0x00000000f5f80000)
  from space 33280K, 16% used [0x00000000fa100000,0x00000000fa67a2a8,0x00000000fc180000)
  to   space 67072K, 0% used [0x00000000f5f80000,0x00000000f5f80000,0x00000000fa100000)
 ParOldGen       total 153088K, used 152334K [0x00000000a0000000, 0x00000000a9580000, 0x00000000e0000000)
  object space 153088K, 99% used [0x00000000a0000000,0x00000000a94c39c8,0x00000000a9580000)
 Metaspace       used 88942K, capacity 92340K, committed 93208K, reserved 1130496K
  class space    used 11634K, capacity 12362K, committed 12584K, reserved 1048576K
GC Heap History (10 events):
Event: 23.510 GC heap before
{Heap before GC invocations=16 (full 3):
 PSYoungGen      total 265728K, used 249344K [0x00000000e0000000, 0x00000000f1880000, 0x0000000100000000)
  eden space 249344K, 100% used [0x00000000e0000000,0x00000000ef380000,0x00000000ef380000)
  from space 16384K, 0% used [0x00000000f0880000,0x00000000f0880000,0x00000000f1880000)
  to   space 18944K, 0% used [0x00000000ef380000,0x00000000ef380000,0x00000000f0600000)
 ParOldGen       total 105472K, used 37372K [0x00000000a0000000, 0x00000000a6700000, 0x00000000e0000000)
  object space 105472K, 35% used [0x00000000a0000000,0x00000000a247f088,0x00000000a6700000)
 Metaspace       used 68134K, capacity 71004K, committed 71192K, reserved 1110016K
  class space    used 9069K, capacity 9678K, committed 9768K, reserved 1048576K
Event: 23.545 GC heap after
Heap after GC invocations=16 (full 3):
 PSYoungGen      total 268288K, used 18919K [0x00000000e0000000, 0x00000000f6c80000, 0x0000000100000000)
  eden space 249344K, 0% used [0x00000000e0000000,0x00000000e0000000,0x00000000ef380000)
  from space 18944K, 99% used [0x00000000ef380000,0x00000000f05f9d88,0x00000000f0600000)
  to   space 23552K, 0% used [0x00000000f5580000,0x00000000f5580000,0x00000000f6c80000)
 ParOldGen       total 105472K, used 41677K [0x00000000a0000000, 0x00000000a6700000, 0x00000000e0000000)
  object space 105472K, 39% used [0x00000000a0000000,0x00000000a28b3620,0x00000000a6700000)
 Metaspace       used 68134K, capacity 71004K, committed 71192K, reserved 1110016K
  class space    used 9069K, capacity 9678K, committed 9768K, reserved 1048576K
}
Event: 31.483 GC heap before
{Heap before GC invocations=17 (full 3):
 PSYoungGen      total 268288K, used 268263K [0x00000000e0000000, 0x00000000f6c80000, 0x0000000100000000)
  eden space 249344K, 100% used [0x00000000e0000000,0x00000000ef380000,0x00000000ef380000)
  from space 18944K, 99% used [0x00000000ef380000,0x00000000f05f9d88,0x00000000f0600000)
  to   space 23552K, 0% used [0x00000000f5580000,0x00000000f5580000,0x00000000f6c80000)
 ParOldGen       total 105472K, used 41677K [0x00000000a0000000, 0x00000000a6700000, 0x00000000e0000000)
  object space 105472K, 39% used [0x00000000a0000000,0x00000000a28b3620,0x00000000a6700000)
 Metaspace       used 70518K, capacity 73564K, committed 73752K, reserved 1114112K
  class space    used 9296K, capacity 9916K, committed 10024K, reserved 1048576K
Event: 31.528 GC heap after
Heap after GC invocations=17 (full 3):
 PSYoungGen      total 340480K, used 23528K [0x00000000e0000000, 0x00000000f7600000, 0x0000000100000000)
  eden space 316928K, 0% used [0x00000000e0000000,0x00000000e0000000,0x00000000f3580000)
  from space 23552K, 99% used [0x00000000f5580000,0x00000000f6c7a218,0x00000000f6c80000)
  to   space 32768K, 0% used [0x00000000f3580000,0x00000000f3580000,0x00000000f5580000)
 ParOldGen       total 105472K, used 57875K [0x00000000a0000000, 0x00000000a6700000, 0x00000000e0000000)
  object space 105472K, 54% used [0x00000000a0000000,0x00000000a3884c10,0x00000000a6700000)
 Metaspace       used 70518K, capacity 73564K, committed 73752K, reserved 1114112K
  class space    used 9296K, capacity 9916K, committed 10024K, reserved 1048576K
}
Event: 52.246 GC heap before
{Heap before GC invocations=18 (full 3):
 PSYoungGen      total 340480K, used 340456K [0x00000000e0000000, 0x00000000f7600000, 0x0000000100000000)
  eden space 316928K, 100% used [0x00000000e0000000,0x00000000f3580000,0x00000000f3580000)
  from space 23552K, 99% used [0x00000000f5580000,0x00000000f6c7a218,0x00000000f6c80000)
  to   space 32768K, 0% used [0x00000000f3580000,0x00000000f3580000,0x00000000f5580000)
 ParOldGen       total 105472K, used 57875K [0x00000000a0000000, 0x00000000a6700000, 0x00000000e0000000)
  object space 105472K, 54% used [0x00000000a0000000,0x00000000a3884c10,0x00000000a6700000)
 Metaspace       used 80538K, capacity 83966K, committed 84248K, reserved 1122304K
  class space    used 10507K, capacity 11205K, committed 11304K, reserved 1048576K
Event: 52.373 GC heap after
Heap after GC invocations=18 (full 3):
 PSYoungGen      total 349696K, used 18830K [0x00000000e0000000, 0x00000000fc180000, 0x0000000100000000)
  eden space 316928K, 0% used [0x00000000e0000000,0x00000000e0000000,0x00000000f3580000)
  from space 32768K, 57% used [0x00000000f3580000,0x00000000f47e3950,0x00000000f5580000)
  to   space 33280K, 0% used [0x00000000fa100000,0x00000000fa100000,0x00000000fc180000)
 ParOldGen       total 105472K, used 74580K [0x00000000a0000000, 0x00000000a6700000, 0x00000000e0000000)
  object space 105472K, 70% used [0x00000000a0000000,0x00000000a48d52a0,0x00000000a6700000)
 Metaspace       used 80538K, capacity 83966K, committed 84248K, reserved 1122304K
  class space    used 10507K, capacity 11205K, committed 11304K, reserved 1048576K
}
Event: 55.436 GC heap before
{Heap before GC invocations=19 (full 3):
 PSYoungGen      total 349696K, used 335758K [0x00000000e0000000, 0x00000000fc180000, 0x0000000100000000)
  eden space 316928K, 100% used [0x00000000e0000000,0x00000000f3580000,0x00000000f3580000)
  from space 32768K, 57% used [0x00000000f3580000,0x00000000f47e3950,0x00000000f5580000)
  to   space 33280K, 0% used [0x00000000fa100000,0x00000000fa100000,0x00000000fc180000)
 ParOldGen       total 105472K, used 74580K [0x00000000a0000000, 0x00000000a6700000, 0x00000000e0000000)
  object space 105472K, 70% used [0x00000000a0000000,0x00000000a48d52a0,0x00000000a6700000)
 Metaspace       used 88947K, capacity 92832K, committed 93208K, reserved 1130496K
  class space    used 11667K, capacity 12468K, committed 12584K, reserved 1048576K
Event: 55.668 GC heap after
Heap after GC invocations=19 (full 3):
 PSYoungGen      total 393216K, used 33274K [0x00000000e0000000, 0x0000000100000000, 0x0000000100000000)
  eden space 359936K, 0% used [0x00000000e0000000,0x00000000e0000000,0x00000000f5f80000)
  from space 33280K, 99% used [0x00000000fa100000,0x00000000fc17eae0,0x00000000fc180000)
  to   space 67072K, 0% used [0x00000000f5f80000,0x00000000f5f80000,0x00000000fa100000)
 ParOldGen       total 153088K, used 152580K [0x00000000a0000000, 0x00000000a9580000, 0x00000000e0000000)
  object space 153088K, 99% used [0x00000000a0000000,0x00000000a9501098,0x00000000a9580000)
 Metaspace       used 88947K, capacity 92832K, committed 93208K, reserved 1130496K
  class space    used 11667K, capacity 12468K, committed 12584K, reserved 1048576K
}
Event: 55.669 GC heap before
{Heap before GC invocations=20 (full 4):
 PSYoungGen      total 393216K, used 33274K [0x00000000e0000000, 0x0000000100000000, 0x0000000100000000)
  eden space 359936K, 0% used [0x00000000e0000000,0x00000000e0000000,0x00000000f5f80000)
  from space 33280K, 99% used [0x00000000fa100000,0x00000000fc17eae0,0x00000000fc180000)
  to   space 67072K, 0% used [0x00000000f5f80000,0x00000000f5f80000,0x00000000fa100000)
 ParOldGen       total 153088K, used 152580K [0x00000000a0000000, 0x00000000a9580000, 0x00000000e0000000)
  object space 153088K, 99% used [0x00000000a0000000,0x00000000a9501098,0x00000000a9580000)
 Metaspace       used 88947K, capacity 92832K, committed 93208K, reserved 1130496K
  class space    used 11667K, capacity 12468K, committed 12584K, reserved 1048576K
Event: 63.142 GC heap after
Heap after GC invocations=20 (full 4):
 PSYoungGen      total 393216K, used 5608K [0x00000000e0000000, 0x0000000100000000, 0x0000000100000000)
  eden space 359936K, 0% used [0x00000000e0000000,0x00000000e0000000,0x00000000f5f80000)
  from space 33280K, 16% used [0x00000000fa100000,0x00000000fa67a2a8,0x00000000fc180000)
  to   space 67072K, 0% used [0x00000000f5f80000,0x00000000f5f80000,0x00000000fa100000)
 ParOldGen       total 153088K, used 152334K [0x00000000a0000000, 0x00000000a9580000, 0x00000000e0000000)
  object space 153088K, 99% used [0x00000000a0000000,0x00000000a94c39c8,0x00000000a9580000)
 Metaspace       used 88697K, capacity 92108K, committed 93208K, reserved 1130496K
  class space    used 11589K, capacity 12328K, committed 12584K, reserved 1048576K
}

