# JRE version: OpenJDK Runtime Environment (8.0_242-b01) (build 1.8.0_242-release-1644-b01)
# Java VM: OpenJDK 64-Bit Server VM (25.242-b01 mixed mode windows-amd64 compressed oops)
Heap:
 PSYoungGen      total 330752K, used 205165K [0x00000000e0000000, 0x00000000fc000000, 0x0000000100000000)
  eden space 303104K, 61% used [0x00000000e0000000,0x00000000eb6df210,0x00000000f2800000)
  from space 27648K, 64% used [0x00000000f2800000,0x00000000f397c570,0x00000000f4300000)
  to   space 28160K, 0% used [0x00000000fa480000,0x00000000fa480000,0x00000000fc000000)
 ParOldGen       total 103936K, used 50100K [0x00000000a0000000, 0x00000000a6580000, 0x00000000e0000000)
  object space 103936K, 48% used [0x00000000a0000000,0x00000000a30ed338,0x00000000a6580000)
 Metaspace       used 84991K, capacity 89027K, committed 89112K, reserved 1126400K
  class space    used 11277K, capacity 12076K, committed 12080K, reserved 1048576K
GC Heap History (10 events):
Event: 11.019 GC heap before
{Heap before GC invocations=14 (full 2):
 PSYoungGen      total 189952K, used 22915K [0x00000000e0000000, 0x00000000f0400000, 0x0000000100000000)
  eden space 174080K, 4% used [0x00000000e0000000,0x00000000e06e1198,0x00000000eaa00000)
  from space 15872K, 99% used [0x00000000eaa00000,0x00000000eb97fc90,0x00000000eb980000)
  to   space 22016K, 0% used [0x00000000eee80000,0x00000000eee80000,0x00000000f0400000)
 ParOldGen       total 76288K, used 31825K [0x00000000a0000000, 0x00000000a4a80000, 0x00000000e0000000)
  object space 76288K, 41% used [0x00000000a0000000,0x00000000a1f14788,0x00000000a4a80000)
 Metaspace       used 57087K, capacity 59073K, committed 59160K, reserved 1099776K
  class space    used 7739K, capacity 8212K, committed 8240K, reserved 1048576K
Event: 11.033 GC heap after
Heap after GC invocations=14 (full 2):
 PSYoungGen      total 243712K, used 576K [0x00000000e0000000, 0x00000000f2400000, 0x0000000100000000)
  eden space 221696K, 0% used [0x00000000e0000000,0x00000000e0000000,0x00000000ed880000)
  from space 22016K, 2% used [0x00000000eee80000,0x00000000eef10000,0x00000000f0400000)
  to   space 22528K, 0% used [0x00000000ed880000,0x00000000ed880000,0x00000000eee80000)
 ParOldGen       total 76288K, used 42036K [0x00000000a0000000, 0x00000000a4a80000, 0x00000000e0000000)
  object space 76288K, 55% used [0x00000000a0000000,0x00000000a290d108,0x00000000a4a80000)
 Metaspace       used 57087K, capacity 59073K, committed 59160K, reserved 1099776K
  class space    used 7739K, capacity 8212K, committed 8240K, reserved 1048576K
}
Event: 11.033 GC heap before
{Heap before GC invocations=15 (full 3):
 PSYoungGen      total 243712K, used 576K [0x00000000e0000000, 0x00000000f2400000, 0x0000000100000000)
  eden space 221696K, 0% used [0x00000000e0000000,0x00000000e0000000,0x00000000ed880000)
  from space 22016K, 2% used [0x00000000eee80000,0x00000000eef10000,0x00000000f0400000)
  to   space 22528K, 0% used [0x00000000ed880000,0x00000000ed880000,0x00000000eee80000)
 ParOldGen       total 76288K, used 42036K [0x00000000a0000000, 0x00000000a4a80000, 0x00000000e0000000)
  object space 76288K, 55% used [0x00000000a0000000,0x00000000a290d108,0x00000000a4a80000)
 Metaspace       used 57087K, capacity 59073K, committed 59160K, reserved 1099776K
  class space    used 7739K, capacity 8212K, committed 8240K, reserved 1048576K
Event: 11.183 GC heap after
Heap after GC invocations=15 (full 3):
 PSYoungGen      total 243712K, used 0K [0x00000000e0000000, 0x00000000f2400000, 0x0000000100000000)
  eden space 221696K, 0% used [0x00000000e0000000,0x00000000e0000000,0x00000000ed880000)
  from space 22016K, 0% used [0x00000000eee80000,0x00000000eee80000,0x00000000f0400000)
  to   space 22528K, 0% used [0x00000000ed880000,0x00000000ed880000,0x00000000eee80000)
 ParOldGen       total 103936K, used 31920K [0x00000000a0000000, 0x00000000a6580000, 0x00000000e0000000)
  object space 103936K, 30% used [0x00000000a0000000,0x00000000a1f2c3f8,0x00000000a6580000)
 Metaspace       used 57062K, capacity 58989K, committed 59160K, reserved 1099776K
  class space    used 7731K, capacity 8198K, committed 8240K, reserved 1048576K
}
Event: 14.429 GC heap before
{Heap before GC invocations=16 (full 3):
 PSYoungGen      total 243712K, used 221696K [0x00000000e0000000, 0x00000000f2400000, 0x0000000100000000)
  eden space 221696K, 100% used [0x00000000e0000000,0x00000000ed880000,0x00000000ed880000)
  from space 22016K, 0% used [0x00000000eee80000,0x00000000eee80000,0x00000000f0400000)
  to   space 22528K, 0% used [0x00000000ed880000,0x00000000ed880000,0x00000000eee80000)
 ParOldGen       total 103936K, used 31920K [0x00000000a0000000, 0x00000000a6580000, 0x00000000e0000000)
  object space 103936K, 30% used [0x00000000a0000000,0x00000000a1f2c3f8,0x00000000a6580000)
 Metaspace       used 64949K, capacity 68199K, committed 68504K, reserved 1107968K
  class space    used 8914K, capacity 9572K, committed 9648K, reserved 1048576K
Event: 14.459 GC heap after
Heap after GC invocations=16 (full 3):
 PSYoungGen      total 244224K, used 20933K [0x00000000e0000000, 0x00000000f6080000, 0x0000000100000000)
  eden space 221696K, 0% used [0x00000000e0000000,0x00000000e0000000,0x00000000ed880000)
  from space 22528K, 92% used [0x00000000ed880000,0x00000000eecf15b0,0x00000000eee80000)
  to   space 25600K, 0% used [0x00000000f4780000,0x00000000f4780000,0x00000000f6080000)
 ParOldGen       total 103936K, used 31928K [0x00000000a0000000, 0x00000000a6580000, 0x00000000e0000000)
  object space 103936K, 30% used [0x00000000a0000000,0x00000000a1f2e3f8,0x00000000a6580000)
 Metaspace       used 64949K, capacity 68199K, committed 68504K, reserved 1107968K
  class space    used 8914K, capacity 9572K, committed 9648K, reserved 1048576K
}
Event: 16.730 GC heap before
{Heap before GC invocations=17 (full 3):
 PSYoungGen      total 244224K, used 242629K [0x00000000e0000000, 0x00000000f6080000, 0x0000000100000000)
  eden space 221696K, 100% used [0x00000000e0000000,0x00000000ed880000,0x00000000ed880000)
  from space 22528K, 92% used [0x00000000ed880000,0x00000000eecf15b0,0x00000000eee80000)
  to   space 25600K, 0% used [0x00000000f4780000,0x00000000f4780000,0x00000000f6080000)
 ParOldGen       total 103936K, used 31928K [0x00000000a0000000, 0x00000000a6580000, 0x00000000e0000000)
  object space 103936K, 30% used [0x00000000a0000000,0x00000000a1f2e3f8,0x00000000a6580000)
 Metaspace       used 67517K, capacity 70937K, committed 71064K, reserved 1110016K
  class space    used 9167K, capacity 9857K, committed 9904K, reserved 1048576K
Event: 16.758 GC heap after
Heap after GC invocations=17 (full 3):
 PSYoungGen      total 326144K, used 18977K [0x00000000e0000000, 0x00000000f5e00000, 0x0000000100000000)
  eden space 303104K, 0% used [0x00000000e0000000,0x00000000e0000000,0x00000000f2800000)
  from space 23040K, 82% used [0x00000000f4780000,0x00000000f5a08558,0x00000000f5e00000)
  to   space 27648K, 0% used [0x00000000f2800000,0x00000000f2800000,0x00000000f4300000)
 ParOldGen       total 103936K, used 46932K [0x00000000a0000000, 0x00000000a6580000, 0x00000000e0000000)
  object space 103936K, 45% used [0x00000000a0000000,0x00000000a2dd52e0,0x00000000a6580000)
 Metaspace       used 67517K, capacity 70937K, committed 71064K, reserved 1110016K
  class space    used 9167K, capacity 9857K, committed 9904K, reserved 1048576K
}
Event: 36.538 GC heap before
{Heap before GC invocations=18 (full 3):
 PSYoungGen      total 326144K, used 322081K [0x00000000e0000000, 0x00000000f5e00000, 0x0000000100000000)
  eden space 303104K, 100% used [0x00000000e0000000,0x00000000f2800000,0x00000000f2800000)
  from space 23040K, 82% used [0x00000000f4780000,0x00000000f5a08558,0x00000000f5e00000)
  to   space 27648K, 0% used [0x00000000f2800000,0x00000000f2800000,0x00000000f4300000)
 ParOldGen       total 103936K, used 46932K [0x00000000a0000000, 0x00000000a6580000, 0x00000000e0000000)
  object space 103936K, 45% used [0x00000000a0000000,0x00000000a2dd52e0,0x00000000a6580000)
 Metaspace       used 76698K, capacity 80441K, committed 80792K, reserved 1118208K
  class space    used 10314K, capacity 11061K, committed 11184K, reserved 1048576K
Event: 36.577 GC heap after
Heap after GC invocations=18 (full 3):
 PSYoungGen      total 330752K, used 17905K [0x00000000e0000000, 0x00000000fc000000, 0x0000000100000000)
  eden space 303104K, 0% used [0x00000000e0000000,0x00000000e0000000,0x00000000f2800000)
  from space 27648K, 64% used [0x00000000f2800000,0x00000000f397c570,0x00000000f4300000)
  to   space 28160K, 0% used [0x00000000fa480000,0x00000000fa480000,0x00000000fc000000)
 ParOldGen       total 103936K, used 50100K [0x00000000a0000000, 0x00000000a6580000, 0x00000000e0000000)
  object space 103936K, 48% used [0x00000000a0000000,0x00000000a30ed338,0x00000000a6580000)
 Metaspace       used 76698K, capacity 80441K, committed 80792K, reserved 1118208K
  class space    used 10314K, capacity 11061K, committed 11184K, reserved 1048576K
}

