# JRE version: OpenJDK Runtime Environment (8.0_242-b01) (build 1.8.0_242-release-1644-b01)
# Java VM: OpenJDK 64-Bit Server VM (25.242-b01 mixed mode windows-amd64 compressed oops)
Heap:
 PSYoungGen      total 247808K, used 34355K [0x00000000e0000000, 0x00000000f2980000, 0x0000000100000000)
  eden space 225280K, 12% used [0x00000000e0000000,0x00000000e1c03518,0x00000000edc00000)
  from space 22528K, 25% used [0x00000000ef200000,0x00000000ef7899a0,0x00000000f0800000)
  to   space 22528K, 0% used [0x00000000edc00000,0x00000000edc00000,0x00000000ef200000)
 ParOldGen       total 99328K, used 47581K [0x00000000a0000000, 0x00000000a6100000, 0x00000000e0000000)
  object space 99328K, 47% used [0x00000000a0000000,0x00000000a2e77620,0x00000000a6100000)
 Metaspace       used 68194K, capacity 71808K, committed 71960K, reserved 1112064K
  class space    used 9276K, capacity 9996K, committed 10032K, reserved 1048576K
GC Heap History (10 events):
Event: 15.490 GC heap before
{Heap before GC invocations=13 (full 2):
 PSYoungGen      total 183296K, used 183287K [0x00000000e0000000, 0x00000000ec880000, 0x0000000100000000)
  eden space 169984K, 100% used [0x00000000e0000000,0x00000000ea600000,0x00000000ea600000)
  from space 13312K, 99% used [0x00000000ebb80000,0x00000000ec87dc38,0x00000000ec880000)
  to   space 15872K, 0% used [0x00000000ea980000,0x00000000ea980000,0x00000000eb900000)
 ParOldGen       total 72704K, used 21409K [0x00000000a0000000, 0x00000000a4700000, 0x00000000e0000000)
  object space 72704K, 29% used [0x00000000a0000000,0x00000000a14e84f8,0x00000000a4700000)
 Metaspace       used 56201K, capacity 58216K, committed 58288K, reserved 1099776K
  class space    used 7604K, capacity 8087K, committed 8112K, reserved 1048576K
Event: 15.519 GC heap after
Heap after GC invocations=13 (full 2):
 PSYoungGen      total 189440K, used 15851K [0x00000000e0000000, 0x00000000f0800000, 0x0000000100000000)
  eden space 173568K, 0% used [0x00000000e0000000,0x00000000e0000000,0x00000000ea980000)
  from space 15872K, 99% used [0x00000000ea980000,0x00000000eb8fad20,0x00000000eb900000)
  to   space 22528K, 0% used [0x00000000ef200000,0x00000000ef200000,0x00000000f0800000)
 ParOldGen       total 72704K, used 32774K [0x00000000a0000000, 0x00000000a4700000, 0x00000000e0000000)
  object space 72704K, 45% used [0x00000000a0000000,0x00000000a2001af0,0x00000000a4700000)
 Metaspace       used 56201K, capacity 58216K, committed 58288K, reserved 1099776K
  class space    used 7604K, capacity 8087K, committed 8112K, reserved 1048576K
}
Event: 15.639 GC heap before
{Heap before GC invocations=14 (full 2):
 PSYoungGen      total 189440K, used 25698K [0x00000000e0000000, 0x00000000f0800000, 0x0000000100000000)
  eden space 173568K, 5% used [0x00000000e0000000,0x00000000e099dc80,0x00000000ea980000)
  from space 15872K, 99% used [0x00000000ea980000,0x00000000eb8fad20,0x00000000eb900000)
  to   space 22528K, 0% used [0x00000000ef200000,0x00000000ef200000,0x00000000f0800000)
 ParOldGen       total 72704K, used 32774K [0x00000000a0000000, 0x00000000a4700000, 0x00000000e0000000)
  object space 72704K, 45% used [0x00000000a0000000,0x00000000a2001af0,0x00000000a4700000)
 Metaspace       used 56985K, capacity 59106K, committed 59160K, reserved 1099776K
  class space    used 7708K, capacity 8206K, committed 8240K, reserved 1048576K
Event: 15.681 GC heap after
Heap after GC invocations=14 (full 2):
 PSYoungGen      total 247808K, used 1254K [0x00000000e0000000, 0x00000000f2980000, 0x0000000100000000)
  eden space 225280K, 0% used [0x00000000e0000000,0x00000000e0000000,0x00000000edc00000)
  from space 22528K, 5% used [0x00000000ef200000,0x00000000ef339ad8,0x00000000f0800000)
  to   space 22528K, 0% used [0x00000000edc00000,0x00000000edc00000,0x00000000ef200000)
 ParOldGen       total 72704K, used 43250K [0x00000000a0000000, 0x00000000a4700000, 0x00000000e0000000)
  object space 72704K, 59% used [0x00000000a0000000,0x00000000a2a3cb98,0x00000000a4700000)
 Metaspace       used 56985K, capacity 59106K, committed 59160K, reserved 1099776K
  class space    used 7708K, capacity 8206K, committed 8240K, reserved 1048576K
}
Event: 15.681 GC heap before
{Heap before GC invocations=15 (full 3):
 PSYoungGen      total 247808K, used 1254K [0x00000000e0000000, 0x00000000f2980000, 0x0000000100000000)
  eden space 225280K, 0% used [0x00000000e0000000,0x00000000e0000000,0x00000000edc00000)
  from space 22528K, 5% used [0x00000000ef200000,0x00000000ef339ad8,0x00000000f0800000)
  to   space 22528K, 0% used [0x00000000edc00000,0x00000000edc00000,0x00000000ef200000)
 ParOldGen       total 72704K, used 43250K [0x00000000a0000000, 0x00000000a4700000, 0x00000000e0000000)
  object space 72704K, 59% used [0x00000000a0000000,0x00000000a2a3cb98,0x00000000a4700000)
 Metaspace       used 56985K, capacity 59106K, committed 59160K, reserved 1099776K
  class space    used 7708K, capacity 8206K, committed 8240K, reserved 1048576K
Event: 15.920 GC heap after
Heap after GC invocations=15 (full 3):
 PSYoungGen      total 247808K, used 0K [0x00000000e0000000, 0x00000000f2980000, 0x0000000100000000)
  eden space 225280K, 0% used [0x00000000e0000000,0x00000000e0000000,0x00000000edc00000)
  from space 22528K, 0% used [0x00000000ef200000,0x00000000ef200000,0x00000000f0800000)
  to   space 22528K, 0% used [0x00000000edc00000,0x00000000edc00000,0x00000000ef200000)
 ParOldGen       total 99328K, used 32237K [0x00000000a0000000, 0x00000000a6100000, 0x00000000e0000000)
  object space 99328K, 32% used [0x00000000a0000000,0x00000000a1f7b728,0x00000000a6100000)
 Metaspace       used 56968K, capacity 59046K, committed 59160K, reserved 1099776K
  class space    used 7702K, capacity 8196K, committed 8240K, reserved 1048576K
}
Event: 19.759 GC heap before
{Heap before GC invocations=16 (full 3):
 PSYoungGen      total 247808K, used 225280K [0x00000000e0000000, 0x00000000f2980000, 0x0000000100000000)
  eden space 225280K, 100% used [0x00000000e0000000,0x00000000edc00000,0x00000000edc00000)
  from space 22528K, 0% used [0x00000000ef200000,0x00000000ef200000,0x00000000f0800000)
  to   space 22528K, 0% used [0x00000000edc00000,0x00000000edc00000,0x00000000ef200000)
 ParOldGen       total 99328K, used 32237K [0x00000000a0000000, 0x00000000a6100000, 0x00000000e0000000)
  object space 99328K, 32% used [0x00000000a0000000,0x00000000a1f7b728,0x00000000a6100000)
 Metaspace       used 65403K, capacity 68904K, committed 69144K, reserved 1107968K
  class space    used 9000K, capacity 9744K, committed 9776K, reserved 1048576K
Event: 19.871 GC heap after
Heap after GC invocations=16 (full 3):
 PSYoungGen      total 247808K, used 21715K [0x00000000e0000000, 0x00000000f2980000, 0x0000000100000000)
  eden space 225280K, 0% used [0x00000000e0000000,0x00000000e0000000,0x00000000edc00000)
  from space 22528K, 96% used [0x00000000edc00000,0x00000000ef134e90,0x00000000ef200000)
  to   space 22528K, 0% used [0x00000000ef200000,0x00000000ef200000,0x00000000f0800000)
 ParOldGen       total 99328K, used 32245K [0x00000000a0000000, 0x00000000a6100000, 0x00000000e0000000)
  object space 99328K, 32% used [0x00000000a0000000,0x00000000a1f7d728,0x00000000a6100000)
 Metaspace       used 65403K, capacity 68904K, committed 69144K, reserved 1107968K
  class space    used 9000K, capacity 9744K, committed 9776K, reserved 1048576K
}
Event: 24.944 GC heap before
{Heap before GC invocations=17 (full 3):
 PSYoungGen      total 247808K, used 246995K [0x00000000e0000000, 0x00000000f2980000, 0x0000000100000000)
  eden space 225280K, 100% used [0x00000000e0000000,0x00000000edc00000,0x00000000edc00000)
  from space 22528K, 96% used [0x00000000edc00000,0x00000000ef134e90,0x00000000ef200000)
  to   space 22528K, 0% used [0x00000000ef200000,0x00000000ef200000,0x00000000f0800000)
 ParOldGen       total 99328K, used 32245K [0x00000000a0000000, 0x00000000a6100000, 0x00000000e0000000)
  object space 99328K, 32% used [0x00000000a0000000,0x00000000a1f7d728,0x00000000a6100000)
 Metaspace       used 68033K, capacity 71656K, committed 71704K, reserved 1112064K
  class space    used 9256K, capacity 9992K, committed 10032K, reserved 1048576K
Event: 24.973 GC heap after
Heap after GC invocations=17 (full 3):
 PSYoungGen      total 247808K, used 5670K [0x00000000e0000000, 0x00000000f2980000, 0x0000000100000000)
  eden space 225280K, 0% used [0x00000000e0000000,0x00000000e0000000,0x00000000edc00000)
  from space 22528K, 25% used [0x00000000ef200000,0x00000000ef7899a0,0x00000000f0800000)
  to   space 22528K, 0% used [0x00000000edc00000,0x00000000edc00000,0x00000000ef200000)
 ParOldGen       total 99328K, used 47581K [0x00000000a0000000, 0x00000000a6100000, 0x00000000e0000000)
  object space 99328K, 47% used [0x00000000a0000000,0x00000000a2e77620,0x00000000a6100000)
 Metaspace       used 68033K, capacity 71656K, committed 71704K, reserved 1112064K
  class space    used 9256K, capacity 9992K, committed 10032K, reserved 1048576K
}

