# JRE version: OpenJDK Runtime Environment (8.0_242-b01) (build 1.8.0_242-release-1644-b01)
# Java VM: OpenJDK 64-Bit Server VM (25.242-b01 mixed mode windows-amd64 compressed oops)
Heap:
 PSYoungGen      total 213504K, used 47625K [0x00000000e0000000, 0x00000000f5b00000, 0x0000000100000000)
  eden space 172544K, 25% used [0x00000000e0000000,0x00000000e2b88f28,0x00000000ea880000)
  from space 40960K, 7% used [0x00000000ea880000,0x00000000eab79850,0x00000000ed080000)
  to   space 67072K, 0% used [0x00000000f1980000,0x00000000f1980000,0x00000000f5b00000)
 ParOldGen       total 283136K, used 144135K [0x00000000a0000000, 0x00000000b1480000, 0x00000000e0000000)
  object space 283136K, 50% used [0x00000000a0000000,0x00000000a8cc1ec8,0x00000000b1480000)
 Metaspace       used 87151K, capacity 90534K, committed 92312K, reserved 1128448K
  class space    used 11575K, capacity 12301K, committed 12712K, reserved 1048576K
GC Heap History (10 events):
Event: 36.813 GC heap before
{Heap before GC invocations=21 (full 3):
 PSYoungGen      total 173568K, used 173537K [0x00000000e0000000, 0x00000000ee300000, 0x0000000100000000)
  eden space 151552K, 100% used [0x00000000e0000000,0x00000000e9400000,0x00000000e9400000)
  from space 22016K, 99% used [0x00000000e9400000,0x00000000ea978730,0x00000000ea980000)
  to   space 30720K, 0% used [0x00000000ec500000,0x00000000ec500000,0x00000000ee300000)
 ParOldGen       total 128000K, used 50341K [0x00000000a0000000, 0x00000000a7d00000, 0x00000000e0000000)
  object space 128000K, 39% used [0x00000000a0000000,0x00000000a3129798,0x00000000a7d00000)
 Metaspace       used 71385K, capacity 74872K, committed 75160K, reserved 1114112K
  class space    used 9639K, capacity 10330K, committed 10408K, reserved 1048576K
Event: 36.834 GC heap after
Heap after GC invocations=21 (full 3):
 PSYoungGen      total 194560K, used 7932K [0x00000000e0000000, 0x00000000ede80000, 0x0000000100000000)
  eden space 168448K, 0% used [0x00000000e0000000,0x00000000e0000000,0x00000000ea480000)
  from space 26112K, 30% used [0x00000000ec500000,0x00000000eccbf2c0,0x00000000ede80000)
  to   space 29696K, 0% used [0x00000000ea480000,0x00000000ea480000,0x00000000ec180000)
 ParOldGen       total 128000K, used 70653K [0x00000000a0000000, 0x00000000a7d00000, 0x00000000e0000000)
  object space 128000K, 55% used [0x00000000a0000000,0x00000000a44ff408,0x00000000a7d00000)
 Metaspace       used 71385K, capacity 74872K, committed 75160K, reserved 1114112K
  class space    used 9639K, capacity 10330K, committed 10408K, reserved 1048576K
}
Event: 66.805 GC heap before
{Heap before GC invocations=22 (full 3):
 PSYoungGen      total 194560K, used 176380K [0x00000000e0000000, 0x00000000ede80000, 0x0000000100000000)
  eden space 168448K, 100% used [0x00000000e0000000,0x00000000ea480000,0x00000000ea480000)
  from space 26112K, 30% used [0x00000000ec500000,0x00000000eccbf2c0,0x00000000ede80000)
  to   space 29696K, 0% used [0x00000000ea480000,0x00000000ea480000,0x00000000ec180000)
 ParOldGen       total 128000K, used 70653K [0x00000000a0000000, 0x00000000a7d00000, 0x00000000e0000000)
  object space 128000K, 55% used [0x00000000a0000000,0x00000000a44ff408,0x00000000a7d00000)
 Metaspace       used 77320K, capacity 81210K, committed 81304K, reserved 1120256K
  class space    used 10352K, capacity 11093K, committed 11176K, reserved 1048576K
Event: 66.892 GC heap after
Heap after GC invocations=22 (full 3):
 PSYoungGen      total 198144K, used 14523K [0x00000000e0000000, 0x00000000eec80000, 0x0000000100000000)
  eden space 168448K, 0% used [0x00000000e0000000,0x00000000e0000000,0x00000000ea480000)
  from space 29696K, 48% used [0x00000000ea480000,0x00000000eb2aefa8,0x00000000ec180000)
  to   space 28672K, 0% used [0x00000000ed080000,0x00000000ed080000,0x00000000eec80000)
 ParOldGen       total 128000K, used 70661K [0x00000000a0000000, 0x00000000a7d00000, 0x00000000e0000000)
  object space 128000K, 55% used [0x00000000a0000000,0x00000000a4501408,0x00000000a7d00000)
 Metaspace       used 77320K, capacity 81210K, committed 81304K, reserved 1120256K
  class space    used 10352K, capacity 11093K, committed 11176K, reserved 1048576K
}
Event: 68.647 GC heap before
{Heap before GC invocations=23 (full 3):
 PSYoungGen      total 198144K, used 182971K [0x00000000e0000000, 0x00000000eec80000, 0x0000000100000000)
  eden space 168448K, 100% used [0x00000000e0000000,0x00000000ea480000,0x00000000ea480000)
  from space 29696K, 48% used [0x00000000ea480000,0x00000000eb2aefa8,0x00000000ec180000)
  to   space 28672K, 0% used [0x00000000ed080000,0x00000000ed080000,0x00000000eec80000)
 ParOldGen       total 128000K, used 70661K [0x00000000a0000000, 0x00000000a7d00000, 0x00000000e0000000)
  object space 128000K, 55% used [0x00000000a0000000,0x00000000a4501408,0x00000000a7d00000)
 Metaspace       used 83827K, capacity 87840K, committed 87960K, reserved 1126400K
  class space    used 11170K, capacity 11940K, committed 11944K, reserved 1048576K
Event: 68.939 GC heap after
Heap after GC invocations=23 (full 3):
 PSYoungGen      total 201216K, used 28671K [0x00000000e0000000, 0x00000000f1d80000, 0x0000000100000000)
  eden space 172544K, 0% used [0x00000000e0000000,0x00000000e0000000,0x00000000ea880000)
  from space 28672K, 99% used [0x00000000ed080000,0x00000000eec7fdf0,0x00000000eec80000)
  to   space 40960K, 0% used [0x00000000ea880000,0x00000000ea880000,0x00000000ed080000)
 ParOldGen       total 128000K, used 92204K [0x00000000a0000000, 0x00000000a7d00000, 0x00000000e0000000)
  object space 128000K, 72% used [0x00000000a0000000,0x00000000a5a0b020,0x00000000a7d00000)
 Metaspace       used 83827K, capacity 87840K, committed 87960K, reserved 1126400K
  class space    used 11170K, capacity 11940K, committed 11944K, reserved 1048576K
}
Event: 71.986 GC heap before
{Heap before GC invocations=24 (full 3):
 PSYoungGen      total 201216K, used 201215K [0x00000000e0000000, 0x00000000f1d80000, 0x0000000100000000)
  eden space 172544K, 100% used [0x00000000e0000000,0x00000000ea880000,0x00000000ea880000)
  from space 28672K, 99% used [0x00000000ed080000,0x00000000eec7fdf0,0x00000000eec80000)
  to   space 40960K, 0% used [0x00000000ea880000,0x00000000ea880000,0x00000000ed080000)
 ParOldGen       total 128000K, used 92204K [0x00000000a0000000, 0x00000000a7d00000, 0x00000000e0000000)
  object space 128000K, 72% used [0x00000000a0000000,0x00000000a5a0b020,0x00000000a7d00000)
 Metaspace       used 87255K, capacity 91634K, committed 91672K, reserved 1128448K
  class space    used 11710K, capacity 12567K, committed 12584K, reserved 1048576K
Event: 72.387 GC heap after
Heap after GC invocations=24 (full 3):
 PSYoungGen      total 213504K, used 40944K [0x00000000e0000000, 0x00000000f5b00000, 0x0000000100000000)
  eden space 172544K, 0% used [0x00000000e0000000,0x00000000e0000000,0x00000000ea880000)
  from space 40960K, 99% used [0x00000000ea880000,0x00000000ed07c1e8,0x00000000ed080000)
  to   space 67072K, 0% used [0x00000000f1980000,0x00000000f1980000,0x00000000f5b00000)
 ParOldGen       total 144384K, used 144001K [0x00000000a0000000, 0x00000000a8d00000, 0x00000000e0000000)
  object space 144384K, 99% used [0x00000000a0000000,0x00000000a8ca06f8,0x00000000a8d00000)
 Metaspace       used 87255K, capacity 91634K, committed 91672K, reserved 1128448K
  class space    used 11710K, capacity 12567K, committed 12584K, reserved 1048576K
}
Event: 72.388 GC heap before
{Heap before GC invocations=25 (full 4):
 PSYoungGen      total 213504K, used 40944K [0x00000000e0000000, 0x00000000f5b00000, 0x0000000100000000)
  eden space 172544K, 0% used [0x00000000e0000000,0x00000000e0000000,0x00000000ea880000)
  from space 40960K, 99% used [0x00000000ea880000,0x00000000ed07c1e8,0x00000000ed080000)
  to   space 67072K, 0% used [0x00000000f1980000,0x00000000f1980000,0x00000000f5b00000)
 ParOldGen       total 144384K, used 144001K [0x00000000a0000000, 0x00000000a8d00000, 0x00000000e0000000)
  object space 144384K, 99% used [0x00000000a0000000,0x00000000a8ca06f8,0x00000000a8d00000)
 Metaspace       used 87255K, capacity 91634K, committed 91672K, reserved 1128448K
  class space    used 11710K, capacity 12567K, committed 12584K, reserved 1048576K
Event: 75.439 GC heap after
Heap after GC invocations=25 (full 4):
 PSYoungGen      total 213504K, used 3046K [0x00000000e0000000, 0x00000000f5b00000, 0x0000000100000000)
  eden space 172544K, 0% used [0x00000000e0000000,0x00000000e0000000,0x00000000ea880000)
  from space 40960K, 7% used [0x00000000ea880000,0x00000000eab79850,0x00000000ed080000)
  to   space 67072K, 0% used [0x00000000f1980000,0x00000000f1980000,0x00000000f5b00000)
 ParOldGen       total 283136K, used 144135K [0x00000000a0000000, 0x00000000b1480000, 0x00000000e0000000)
  object space 283136K, 50% used [0x00000000a0000000,0x00000000a8cc1ec8,0x00000000b1480000)
 Metaspace       used 86721K, capacity 90090K, committed 91672K, reserved 1128448K
  class space    used 11534K, capacity 12253K, committed 12584K, reserved 1048576K
}

