# JRE version: OpenJDK Runtime Environment (8.0_242-b01) (build 1.8.0_242-release-1644-b01)
# Java VM: OpenJDK 64-Bit Server VM (25.242-b01 mixed mode windows-amd64 compressed oops)
Heap:
 PSYoungGen      total 272896K, used 59711K [0x00000000e0000000, 0x00000000f9780000, 0x0000000100000000)
  eden space 257024K, 23% used [0x00000000e0000000,0x00000000e3a4fd40,0x00000000efb00000)
  from space 15872K, 0% used [0x00000000efb00000,0x00000000efb00000,0x00000000f0a80000)
  to   space 15360K, 0% used [0x00000000f8880000,0x00000000f8880000,0x00000000f9780000)
 ParOldGen       total 85504K, used 16158K [0x00000000a0000000, 0x00000000a5380000, 0x00000000e0000000)
  object space 85504K, 18% used [0x00000000a0000000,0x00000000a0fc79a8,0x00000000a5380000)
 Metaspace       used 36240K, capacity 37578K, committed 37928K, reserved 1081344K
  class space    used 4993K, capacity 5315K, committed 5424K, reserved 1048576K
GC Heap History (10 events):
Event: 3.560 GC heap before
{Heap before GC invocations=5 (full 0):
 PSYoungGen      total 136192K, used 13682K [0x00000000e0000000, 0x00000000e8a00000, 0x0000000100000000)
  eden space 131072K, 6% used [0x00000000e0000000,0x00000000e08608d8,0x00000000e8000000)
  from space 5120K, 99% used [0x00000000e8500000,0x00000000e89fc030,0x00000000e8a00000)
  to   space 5120K, 0% used [0x00000000e8000000,0x00000000e8000000,0x00000000e8500000)
 ParOldGen       total 86016K, used 11012K [0x00000000a0000000, 0x00000000a5400000, 0x00000000e0000000)
  object space 86016K, 12% used [0x00000000a0000000,0x00000000a0ac1088,0x00000000a5400000)
 Metaspace       used 20697K, capacity 21260K, committed 21296K, reserved 1067008K
  class space    used 2903K, capacity 3116K, committed 3120K, reserved 1048576K
Event: 3.566 GC heap after
Heap after GC invocations=5 (full 0):
 PSYoungGen      total 136192K, used 5088K [0x00000000e0000000, 0x00000000f1a00000, 0x0000000100000000)
  eden space 131072K, 0% used [0x00000000e0000000,0x00000000e0000000,0x00000000e8000000)
  from space 5120K, 99% used [0x00000000e8000000,0x00000000e84f8040,0x00000000e8500000)
  to   space 13312K, 0% used [0x00000000f0d00000,0x00000000f0d00000,0x00000000f1a00000)
 ParOldGen       total 86016K, used 11649K [0x00000000a0000000, 0x00000000a5400000, 0x00000000e0000000)
  object space 86016K, 13% used [0x00000000a0000000,0x00000000a0b605f8,0x00000000a5400000)
 Metaspace       used 20697K, capacity 21260K, committed 21296K, reserved 1067008K
  class space    used 2903K, capacity 3116K, committed 3120K, reserved 1048576K
}
Event: 3.566 GC heap before
{Heap before GC invocations=6 (full 1):
 PSYoungGen      total 136192K, used 5088K [0x00000000e0000000, 0x00000000f1a00000, 0x0000000100000000)
  eden space 131072K, 0% used [0x00000000e0000000,0x00000000e0000000,0x00000000e8000000)
  from space 5120K, 99% used [0x00000000e8000000,0x00000000e84f8040,0x00000000e8500000)
  to   space 13312K, 0% used [0x00000000f0d00000,0x00000000f0d00000,0x00000000f1a00000)
 ParOldGen       total 86016K, used 11649K [0x00000000a0000000, 0x00000000a5400000, 0x00000000e0000000)
  object space 86016K, 13% used [0x00000000a0000000,0x00000000a0b605f8,0x00000000a5400000)
 Metaspace       used 20697K, capacity 21260K, committed 21296K, reserved 1067008K
  class space    used 2903K, capacity 3116K, committed 3120K, reserved 1048576K
Event: 3.598 GC heap after
Heap after GC invocations=6 (full 1):
 PSYoungGen      total 136192K, used 0K [0x00000000e0000000, 0x00000000f1a00000, 0x0000000100000000)
  eden space 131072K, 0% used [0x00000000e0000000,0x00000000e0000000,0x00000000e8000000)
  from space 5120K, 0% used [0x00000000e8000000,0x00000000e8000000,0x00000000e8500000)
  to   space 13312K, 0% used [0x00000000f0d00000,0x00000000f0d00000,0x00000000f1a00000)
 ParOldGen       total 57856K, used 8690K [0x00000000a0000000, 0x00000000a3880000, 0x00000000e0000000)
  object space 57856K, 15% used [0x00000000a0000000,0x00000000a087cbc8,0x00000000a3880000)
 Metaspace       used 20697K, capacity 21260K, committed 21296K, reserved 1067008K
  class space    used 2903K, capacity 3116K, committed 3120K, reserved 1048576K
}
Event: 5.281 GC heap before
{Heap before GC invocations=7 (full 1):
 PSYoungGen      total 136192K, used 131072K [0x00000000e0000000, 0x00000000f1a00000, 0x0000000100000000)
  eden space 131072K, 100% used [0x00000000e0000000,0x00000000e8000000,0x00000000e8000000)
  from space 5120K, 0% used [0x00000000e8000000,0x00000000e8000000,0x00000000e8500000)
  to   space 13312K, 0% used [0x00000000f0d00000,0x00000000f0d00000,0x00000000f1a00000)
 ParOldGen       total 57856K, used 8690K [0x00000000a0000000, 0x00000000a3880000, 0x00000000e0000000)
  object space 57856K, 15% used [0x00000000a0000000,0x00000000a087cbc8,0x00000000a3880000)
 Metaspace       used 32018K, capacity 32784K, committed 33072K, reserved 1077248K
  class space    used 4362K, capacity 4606K, committed 4656K, reserved 1048576K
Event: 5.301 GC heap after
Heap after GC invocations=7 (full 1):
 PSYoungGen      total 238592K, used 13296K [0x00000000e0000000, 0x00000000f1a00000, 0x0000000100000000)
  eden space 225280K, 0% used [0x00000000e0000000,0x00000000e0000000,0x00000000edc00000)
  from space 13312K, 99% used [0x00000000f0d00000,0x00000000f19fc3f0,0x00000000f1a00000)
  to   space 15872K, 0% used [0x00000000efb00000,0x00000000efb00000,0x00000000f0a80000)
 ParOldGen       total 57856K, used 8806K [0x00000000a0000000, 0x00000000a3880000, 0x00000000e0000000)
  object space 57856K, 15% used [0x00000000a0000000,0x00000000a0899ab8,0x00000000a3880000)
 Metaspace       used 32018K, capacity 32784K, committed 33072K, reserved 1077248K
  class space    used 4362K, capacity 4606K, committed 4656K, reserved 1048576K
}
Event: 5.757 GC heap before
{Heap before GC invocations=8 (full 1):
 PSYoungGen      total 238592K, used 69200K [0x00000000e0000000, 0x00000000f1a00000, 0x0000000100000000)
  eden space 225280K, 24% used [0x00000000e0000000,0x00000000e3697d70,0x00000000edc00000)
  from space 13312K, 99% used [0x00000000f0d00000,0x00000000f19fc3f0,0x00000000f1a00000)
  to   space 15872K, 0% used [0x00000000efb00000,0x00000000efb00000,0x00000000f0a80000)
 ParOldGen       total 57856K, used 8806K [0x00000000a0000000, 0x00000000a3880000, 0x00000000e0000000)
  object space 57856K, 15% used [0x00000000a0000000,0x00000000a0899ab8,0x00000000a3880000)
 Metaspace       used 34534K, capacity 35398K, committed 35496K, reserved 1079296K
  class space    used 4733K, capacity 4970K, committed 5040K, reserved 1048576K
Event: 5.768 GC heap after
Heap after GC invocations=8 (full 1):
 PSYoungGen      total 272896K, used 9580K [0x00000000e0000000, 0x00000000f9780000, 0x0000000100000000)
  eden space 257024K, 0% used [0x00000000e0000000,0x00000000e0000000,0x00000000efb00000)
  from space 15872K, 60% used [0x00000000efb00000,0x00000000f045b378,0x00000000f0a80000)
  to   space 15360K, 0% used [0x00000000f8880000,0x00000000f8880000,0x00000000f9780000)
 ParOldGen       total 57856K, used 8814K [0x00000000a0000000, 0x00000000a3880000, 0x00000000e0000000)
  object space 57856K, 15% used [0x00000000a0000000,0x00000000a089bab8,0x00000000a3880000)
 Metaspace       used 34534K, capacity 35398K, committed 35496K, reserved 1079296K
  class space    used 4733K, capacity 4970K, committed 5040K, reserved 1048576K
}
Event: 5.768 GC heap before
{Heap before GC invocations=9 (full 2):
 PSYoungGen      total 272896K, used 9580K [0x00000000e0000000, 0x00000000f9780000, 0x0000000100000000)
  eden space 257024K, 0% used [0x00000000e0000000,0x00000000e0000000,0x00000000efb00000)
  from space 15872K, 60% used [0x00000000efb00000,0x00000000f045b378,0x00000000f0a80000)
  to   space 15360K, 0% used [0x00000000f8880000,0x00000000f8880000,0x00000000f9780000)
 ParOldGen       total 57856K, used 8814K [0x00000000a0000000, 0x00000000a3880000, 0x00000000e0000000)
  object space 57856K, 15% used [0x00000000a0000000,0x00000000a089bab8,0x00000000a3880000)
 Metaspace       used 34534K, capacity 35398K, committed 35496K, reserved 1079296K
  class space    used 4733K, capacity 4970K, committed 5040K, reserved 1048576K
Event: 5.851 GC heap after
Heap after GC invocations=9 (full 2):
 PSYoungGen      total 272896K, used 0K [0x00000000e0000000, 0x00000000f9780000, 0x0000000100000000)
  eden space 257024K, 0% used [0x00000000e0000000,0x00000000e0000000,0x00000000efb00000)
  from space 15872K, 0% used [0x00000000efb00000,0x00000000efb00000,0x00000000f0a80000)
  to   space 15360K, 0% used [0x00000000f8880000,0x00000000f8880000,0x00000000f9780000)
 ParOldGen       total 85504K, used 16158K [0x00000000a0000000, 0x00000000a5380000, 0x00000000e0000000)
  object space 85504K, 18% used [0x00000000a0000000,0x00000000a0fc79a8,0x00000000a5380000)
 Metaspace       used 34534K, capacity 35398K, committed 35496K, reserved 1079296K
  class space    used 4733K, capacity 4970K, committed 5040K, reserved 1048576K
}

