# JRE version: OpenJDK Runtime Environment (8.0_242-b01) (build 1.8.0_242-release-1644-b01)
# Java VM: OpenJDK 64-Bit Server VM (25.242-b01 mixed mode windows-amd64 compressed oops)
Heap:
 PSYoungGen      total 358400K, used 305092K [0x00000000e0000000, 0x00000000f7f80000, 0x0000000100000000)
  eden space 325632K, 93% used [0x00000000e0000000,0x00000000f29f1310,0x00000000f3e00000)
  from space 32768K, 0% used [0x00000000f3e00000,0x00000000f3e00000,0x00000000f5e00000)
  to   space 31232K, 83% used [0x00000000f5e00000,0x00000000f776a850,0x00000000f7c80000)
 ParOldGen       total 139776K, used 139340K [0x00000000a0000000, 0x00000000a8880000, 0x00000000e0000000)
  object space 139776K, 99% used [0x00000000a0000000,0x00000000a8813360,0x00000000a8880000)
 Metaspace       used 109230K, capacity 114002K, committed 114200K, reserved 1148928K
  class space    used 14099K, capacity 15087K, committed 15152K, reserved 1048576K
GC Heap History (10 events):
Event: 42.448 GC heap before
{Heap before GC invocations=19 (full 3):
 PSYoungGen      total 280064K, used 280038K [0x00000000e0000000, 0x00000000f7c80000, 0x0000000100000000)
  eden space 256000K, 100% used [0x00000000e0000000,0x00000000efa00000,0x00000000efa00000)
  from space 24064K, 99% used [0x00000000efa00000,0x00000000f11798c8,0x00000000f1180000)
  to   space 31232K, 0% used [0x00000000f5e00000,0x00000000f5e00000,0x00000000f7c80000)
 ParOldGen       total 120320K, used 47437K [0x00000000a0000000, 0x00000000a7580000, 0x00000000e0000000)
  object space 120320K, 39% used [0x00000000a0000000,0x00000000a2e53660,0x00000000a7580000)
 Metaspace       used 86704K, capacity 90886K, committed 91160K, reserved 1128448K
  class space    used 11435K, capacity 12291K, committed 12336K, reserved 1048576K
Event: 42.900 GC heap after
Heap after GC invocations=19 (full 3):
 PSYoungGen      total 356864K, used 21986K [0x00000000e0000000, 0x00000000f7f80000, 0x0000000100000000)
  eden space 325632K, 0% used [0x00000000e0000000,0x00000000e0000000,0x00000000f3e00000)
  from space 31232K, 70% used [0x00000000f5e00000,0x00000000f7378b88,0x00000000f7c80000)
  to   space 32768K, 0% used [0x00000000f3e00000,0x00000000f3e00000,0x00000000f5e00000)
 ParOldGen       total 120320K, used 70827K [0x00000000a0000000, 0x00000000a7580000, 0x00000000e0000000)
  object space 120320K, 58% used [0x00000000a0000000,0x00000000a452af70,0x00000000a7580000)
 Metaspace       used 86704K, capacity 90886K, committed 91160K, reserved 1128448K
  class space    used 11435K, capacity 12291K, committed 12336K, reserved 1048576K
}
Event: 49.543 GC heap before
{Heap before GC invocations=20 (full 3):
 PSYoungGen      total 356864K, used 317347K [0x00000000e0000000, 0x00000000f7f80000, 0x0000000100000000)
  eden space 325632K, 90% used [0x00000000e0000000,0x00000000f20700a0,0x00000000f3e00000)
  from space 31232K, 70% used [0x00000000f5e00000,0x00000000f7378b88,0x00000000f7c80000)
  to   space 32768K, 0% used [0x00000000f3e00000,0x00000000f3e00000,0x00000000f5e00000)
 ParOldGen       total 120320K, used 70827K [0x00000000a0000000, 0x00000000a7580000, 0x00000000e0000000)
  object space 120320K, 58% used [0x00000000a0000000,0x00000000a452af70,0x00000000a7580000)
 Metaspace       used 93912K, capacity 98524K, committed 98600K, reserved 1134592K
  class space    used 12240K, capacity 13170K, committed 13232K, reserved 1048576K
Event: 49.577 GC heap after
Heap after GC invocations=20 (full 3):
 PSYoungGen      total 358400K, used 31125K [0x00000000e0000000, 0x00000000f7f80000, 0x0000000100000000)
  eden space 325632K, 0% used [0x00000000e0000000,0x00000000e0000000,0x00000000f3e00000)
  from space 32768K, 94% used [0x00000000f3e00000,0x00000000f5c65490,0x00000000f5e00000)
  to   space 31232K, 0% used [0x00000000f5e00000,0x00000000f5e00000,0x00000000f7c80000)
 ParOldGen       total 120320K, used 70835K [0x00000000a0000000, 0x00000000a7580000, 0x00000000e0000000)
  object space 120320K, 58% used [0x00000000a0000000,0x00000000a452cf70,0x00000000a7580000)
 Metaspace       used 93912K, capacity 98524K, committed 98600K, reserved 1134592K
  class space    used 12240K, capacity 13170K, committed 13232K, reserved 1048576K
}
Event: 49.577 GC heap before
{Heap before GC invocations=21 (full 4):
 PSYoungGen      total 358400K, used 31125K [0x00000000e0000000, 0x00000000f7f80000, 0x0000000100000000)
  eden space 325632K, 0% used [0x00000000e0000000,0x00000000e0000000,0x00000000f3e00000)
  from space 32768K, 94% used [0x00000000f3e00000,0x00000000f5c65490,0x00000000f5e00000)
  to   space 31232K, 0% used [0x00000000f5e00000,0x00000000f5e00000,0x00000000f7c80000)
 ParOldGen       total 120320K, used 70835K [0x00000000a0000000, 0x00000000a7580000, 0x00000000e0000000)
  object space 120320K, 58% used [0x00000000a0000000,0x00000000a452cf70,0x00000000a7580000)
 Metaspace       used 93912K, capacity 98524K, committed 98600K, reserved 1134592K
  class space    used 12240K, capacity 13170K, committed 13232K, reserved 1048576K
Event: 50.148 GC heap after
Heap after GC invocations=21 (full 4):
 PSYoungGen      total 358400K, used 0K [0x00000000e0000000, 0x00000000f7f80000, 0x0000000100000000)
  eden space 325632K, 0% used [0x00000000e0000000,0x00000000e0000000,0x00000000f3e00000)
  from space 32768K, 0% used [0x00000000f3e00000,0x00000000f3e00000,0x00000000f5e00000)
  to   space 31232K, 0% used [0x00000000f5e00000,0x00000000f5e00000,0x00000000f7c80000)
 ParOldGen       total 120320K, used 73310K [0x00000000a0000000, 0x00000000a7580000, 0x00000000e0000000)
  object space 120320K, 60% used [0x00000000a0000000,0x00000000a4797958,0x00000000a7580000)
 Metaspace       used 93704K, capacity 97906K, committed 98600K, reserved 1134592K
  class space    used 12173K, capacity 13051K, committed 13232K, reserved 1048576K
}
Event: 54.491 GC heap before
{Heap before GC invocations=22 (full 4):
 PSYoungGen      total 358400K, used 325632K [0x00000000e0000000, 0x00000000f7f80000, 0x0000000100000000)
  eden space 325632K, 100% used [0x00000000e0000000,0x00000000f3e00000,0x00000000f3e00000)
  from space 32768K, 0% used [0x00000000f3e00000,0x00000000f3e00000,0x00000000f5e00000)
  to   space 31232K, 0% used [0x00000000f5e00000,0x00000000f5e00000,0x00000000f7c80000)
 ParOldGen       total 120320K, used 73310K [0x00000000a0000000, 0x00000000a7580000, 0x00000000e0000000)
  object space 120320K, 60% used [0x00000000a0000000,0x00000000a4797958,0x00000000a7580000)
 Metaspace       used 100603K, capacity 105224K, committed 105624K, reserved 1140736K
  class space    used 13198K, capacity 14174K, committed 14256K, reserved 1048576K
Event: 54.745 GC heap after
Heap after GC invocations=22 (full 4):
 PSYoungGen      total 358400K, used 325632K [0x00000000e0000000, 0x00000000f7f80000, 0x0000000100000000)
  eden space 325632K, 100% used [0x00000000e0000000,0x00000000f3e00000,0x00000000f3e00000)
  from space 32768K, 0% used [0x00000000f3e00000,0x00000000f3e00000,0x00000000f5e00000)
  to   space 31232K, 99% used [0x00000000f5e00000,0x00000000f7c794c0,0x00000000f7c80000)
 ParOldGen       total 139776K, used 139274K [0x00000000a0000000, 0x00000000a8880000, 0x00000000e0000000)
  object space 139776K, 99% used [0x00000000a0000000,0x00000000a88028d8,0x00000000a8880000)
 Metaspace       used 100603K, capacity 105224K, committed 105624K, reserved 1140736K
  class space    used 13198K, capacity 14174K, committed 14256K, reserved 1048576K
}
Event: 54.745 GC heap before
{Heap before GC invocations=23 (full 5):
 PSYoungGen      total 358400K, used 325632K [0x00000000e0000000, 0x00000000f7f80000, 0x0000000100000000)
  eden space 325632K, 100% used [0x00000000e0000000,0x00000000f3e00000,0x00000000f3e00000)
  from space 32768K, 0% used [0x00000000f3e00000,0x00000000f3e00000,0x00000000f5e00000)
  to   space 31232K, 99% used [0x00000000f5e00000,0x00000000f7c794c0,0x00000000f7c80000)
 ParOldGen       total 139776K, used 139274K [0x00000000a0000000, 0x00000000a8880000, 0x00000000e0000000)
  object space 139776K, 99% used [0x00000000a0000000,0x00000000a88028d8,0x00000000a8880000)
 Metaspace       used 100603K, capacity 105224K, committed 105624K, reserved 1140736K
  class space    used 13198K, capacity 14174K, committed 14256K, reserved 1048576K
Event: 57.828 GC heap after
Heap after GC invocations=23 (full 5):
 PSYoungGen      total 358400K, used 0K [0x00000000e0000000, 0x00000000f7f80000, 0x0000000100000000)
  eden space 325632K, 0% used [0x00000000e0000000,0x00000000e0000000,0x00000000f3e00000)
  from space 32768K, 0% used [0x00000000f3e00000,0x00000000f3e00000,0x00000000f5e00000)
  to   space 31232K, 83% used [0x00000000f5e00000,0x00000000f776a850,0x00000000f7c80000)
 ParOldGen       total 139776K, used 139340K [0x00000000a0000000, 0x00000000a8880000, 0x00000000e0000000)
  object space 139776K, 99% used [0x00000000a0000000,0x00000000a8813360,0x00000000a8880000)
 Metaspace       used 100566K, capacity 105126K, committed 105624K, reserved 1140736K
  class space    used 13184K, capacity 14149K, committed 14256K, reserved 1048576K
}

