# JRE version: OpenJDK Runtime Environment (8.0_242-b01) (build 1.8.0_242-release-1644-b01)
# Java VM: OpenJDK 64-Bit Server VM (25.242-b01 mixed mode windows-amd64 compressed oops)
Heap:
 PSYoungGen      total 338432K, used 268129K [0x00000000e0000000, 0x00000000fbb80000, 0x0000000100000000)
  eden space 315904K, 78% used [0x00000000e0000000,0x00000000ef335568,0x00000000f3480000)
  from space 22528K, 84% used [0x00000000f3480000,0x00000000f4723048,0x00000000f4a80000)
  to   space 24576K, 0% used [0x00000000fa380000,0x00000000fa380000,0x00000000fbb80000)
 ParOldGen       total 108032K, used 60106K [0x00000000a0000000, 0x00000000a6980000, 0x00000000e0000000)
  object space 108032K, 55% used [0x00000000a0000000,0x00000000a3ab2a40,0x00000000a6980000)
 Metaspace       used 87316K, capacity 91434K, committed 91544K, reserved 1128448K
  class space    used 11641K, capacity 12455K, committed 12456K, reserved 1048576K
GC Heap History (10 events):
Event: 8.595 GC heap before
{Heap before GC invocations=14 (full 2):
 PSYoungGen      total 186368K, used 146263K [0x00000000e0000000, 0x00000000f1500000, 0x0000000100000000)
  eden space 173056K, 76% used [0x00000000e0000000,0x00000000e81d7630,0x00000000ea900000)
  from space 13312K, 99% used [0x00000000ea900000,0x00000000eb5fe848,0x00000000eb600000)
  to   space 17920K, 0% used [0x00000000f0380000,0x00000000f0380000,0x00000000f1500000)
 ParOldGen       total 67072K, used 21646K [0x00000000a0000000, 0x00000000a4180000, 0x00000000e0000000)
  object space 67072K, 32% used [0x00000000a0000000,0x00000000a1523bb8,0x00000000a4180000)
 Metaspace       used 57162K, capacity 59136K, committed 59160K, reserved 1099776K
  class space    used 7735K, capacity 8211K, committed 8232K, reserved 1048576K
Event: 8.616 GC heap after
Heap after GC invocations=14 (full 2):
 PSYoungGen      total 261632K, used 14198K [0x00000000e0000000, 0x00000000f1400000, 0x0000000100000000)
  eden space 244736K, 0% used [0x00000000e0000000,0x00000000e0000000,0x00000000eef00000)
  from space 16896K, 84% used [0x00000000f0380000,0x00000000f115db80,0x00000000f1400000)
  to   space 18944K, 0% used [0x00000000eef00000,0x00000000eef00000,0x00000000f0180000)
 ParOldGen       total 67072K, used 31717K [0x00000000a0000000, 0x00000000a4180000, 0x00000000e0000000)
  object space 67072K, 47% used [0x00000000a0000000,0x00000000a1ef9798,0x00000000a4180000)
 Metaspace       used 57162K, capacity 59136K, committed 59160K, reserved 1099776K
  class space    used 7735K, capacity 8211K, committed 8232K, reserved 1048576K
}
Event: 8.616 GC heap before
{Heap before GC invocations=15 (full 3):
 PSYoungGen      total 261632K, used 14198K [0x00000000e0000000, 0x00000000f1400000, 0x0000000100000000)
  eden space 244736K, 0% used [0x00000000e0000000,0x00000000e0000000,0x00000000eef00000)
  from space 16896K, 84% used [0x00000000f0380000,0x00000000f115db80,0x00000000f1400000)
  to   space 18944K, 0% used [0x00000000eef00000,0x00000000eef00000,0x00000000f0180000)
 ParOldGen       total 67072K, used 31717K [0x00000000a0000000, 0x00000000a4180000, 0x00000000e0000000)
  object space 67072K, 47% used [0x00000000a0000000,0x00000000a1ef9798,0x00000000a4180000)
 Metaspace       used 57162K, capacity 59136K, committed 59160K, reserved 1099776K
  class space    used 7735K, capacity 8211K, committed 8232K, reserved 1048576K
Event: 8.831 GC heap after
Heap after GC invocations=15 (full 3):
 PSYoungGen      total 261632K, used 0K [0x00000000e0000000, 0x00000000f1400000, 0x0000000100000000)
  eden space 244736K, 0% used [0x00000000e0000000,0x00000000e0000000,0x00000000eef00000)
  from space 16896K, 0% used [0x00000000f0380000,0x00000000f0380000,0x00000000f1400000)
  to   space 18944K, 0% used [0x00000000eef00000,0x00000000eef00000,0x00000000f0180000)
 ParOldGen       total 108032K, used 37381K [0x00000000a0000000, 0x00000000a6980000, 0x00000000e0000000)
  object space 108032K, 34% used [0x00000000a0000000,0x00000000a2481588,0x00000000a6980000)
 Metaspace       used 57136K, capacity 59052K, committed 59160K, reserved 1099776K
  class space    used 7727K, capacity 8197K, committed 8232K, reserved 1048576K
}
Event: 12.425 GC heap before
{Heap before GC invocations=16 (full 3):
 PSYoungGen      total 261632K, used 244736K [0x00000000e0000000, 0x00000000f1400000, 0x0000000100000000)
  eden space 244736K, 100% used [0x00000000e0000000,0x00000000eef00000,0x00000000eef00000)
  from space 16896K, 0% used [0x00000000f0380000,0x00000000f0380000,0x00000000f1400000)
  to   space 18944K, 0% used [0x00000000eef00000,0x00000000eef00000,0x00000000f0180000)
 ParOldGen       total 108032K, used 37381K [0x00000000a0000000, 0x00000000a6980000, 0x00000000e0000000)
  object space 108032K, 34% used [0x00000000a0000000,0x00000000a2481588,0x00000000a6980000)
 Metaspace       used 65306K, capacity 68544K, committed 68760K, reserved 1107968K
  class space    used 8946K, capacity 9626K, committed 9640K, reserved 1048576K
Event: 12.461 GC heap after
Heap after GC invocations=16 (full 3):
 PSYoungGen      total 263680K, used 18924K [0x00000000e0000000, 0x00000000f6100000, 0x0000000100000000)
  eden space 244736K, 0% used [0x00000000e0000000,0x00000000e0000000,0x00000000eef00000)
  from space 18944K, 99% used [0x00000000eef00000,0x00000000f017b1e8,0x00000000f0180000)
  to   space 23040K, 0% used [0x00000000f4a80000,0x00000000f4a80000,0x00000000f6100000)
 ParOldGen       total 108032K, used 40673K [0x00000000a0000000, 0x00000000a6980000, 0x00000000e0000000)
  object space 108032K, 37% used [0x00000000a0000000,0x00000000a27b86f0,0x00000000a6980000)
 Metaspace       used 65306K, capacity 68544K, committed 68760K, reserved 1107968K
  class space    used 8946K, capacity 9626K, committed 9640K, reserved 1048576K
}
Event: 15.427 GC heap before
{Heap before GC invocations=17 (full 3):
 PSYoungGen      total 263680K, used 263660K [0x00000000e0000000, 0x00000000f6100000, 0x0000000100000000)
  eden space 244736K, 100% used [0x00000000e0000000,0x00000000eef00000,0x00000000eef00000)
  from space 18944K, 99% used [0x00000000eef00000,0x00000000f017b1e8,0x00000000f0180000)
  to   space 23040K, 0% used [0x00000000f4a80000,0x00000000f4a80000,0x00000000f6100000)
 ParOldGen       total 108032K, used 40673K [0x00000000a0000000, 0x00000000a6980000, 0x00000000e0000000)
  object space 108032K, 37% used [0x00000000a0000000,0x00000000a27b86f0,0x00000000a6980000)
 Metaspace       used 67969K, capacity 71238K, committed 71320K, reserved 1110016K
  class space    used 9214K, capacity 9875K, committed 9896K, reserved 1048576K
Event: 15.612 GC heap after
Heap after GC invocations=17 (full 3):
 PSYoungGen      total 338944K, used 6718K [0x00000000e0000000, 0x00000000f6780000, 0x0000000100000000)
  eden space 315904K, 0% used [0x00000000e0000000,0x00000000e0000000,0x00000000f3480000)
  from space 23040K, 29% used [0x00000000f4a80000,0x00000000f510fa40,0x00000000f6100000)
  to   space 22528K, 0% used [0x00000000f3480000,0x00000000f3480000,0x00000000f4a80000)
 ParOldGen       total 108032K, used 56912K [0x00000000a0000000, 0x00000000a6980000, 0x00000000e0000000)
  object space 108032K, 52% used [0x00000000a0000000,0x00000000a3794118,0x00000000a6980000)
 Metaspace       used 67969K, capacity 71238K, committed 71320K, reserved 1110016K
  class space    used 9214K, capacity 9875K, committed 9896K, reserved 1048576K
}
Event: 32.876 GC heap before
{Heap before GC invocations=18 (full 3):
 PSYoungGen      total 338944K, used 322622K [0x00000000e0000000, 0x00000000f6780000, 0x0000000100000000)
  eden space 315904K, 100% used [0x00000000e0000000,0x00000000f3480000,0x00000000f3480000)
  from space 23040K, 29% used [0x00000000f4a80000,0x00000000f510fa40,0x00000000f6100000)
  to   space 22528K, 0% used [0x00000000f3480000,0x00000000f3480000,0x00000000f4a80000)
 ParOldGen       total 108032K, used 56912K [0x00000000a0000000, 0x00000000a6980000, 0x00000000e0000000)
  object space 108032K, 52% used [0x00000000a0000000,0x00000000a3794118,0x00000000a6980000)
 Metaspace       used 78239K, capacity 82030K, committed 82072K, reserved 1120256K
  class space    used 10414K, capacity 11171K, committed 11176K, reserved 1048576K
Event: 32.928 GC heap after
Heap after GC invocations=18 (full 3):
 PSYoungGen      total 338432K, used 19084K [0x00000000e0000000, 0x00000000fbb80000, 0x0000000100000000)
  eden space 315904K, 0% used [0x00000000e0000000,0x00000000e0000000,0x00000000f3480000)
  from space 22528K, 84% used [0x00000000f3480000,0x00000000f4723048,0x00000000f4a80000)
  to   space 24576K, 0% used [0x00000000fa380000,0x00000000fa380000,0x00000000fbb80000)
 ParOldGen       total 108032K, used 60106K [0x00000000a0000000, 0x00000000a6980000, 0x00000000e0000000)
  object space 108032K, 55% used [0x00000000a0000000,0x00000000a3ab2a40,0x00000000a6980000)
 Metaspace       used 78239K, capacity 82030K, committed 82072K, reserved 1120256K
  class space    used 10414K, capacity 11171K, committed 11176K, reserved 1048576K
}

