# JRE version: OpenJDK Runtime Environment (8.0_242-b01) (build 1.8.0_242-release-1644-b01)
# Java VM: OpenJDK 64-Bit Server VM (25.242-b01 mixed mode windows-amd64 compressed oops)
Heap:
 PSYoungGen      total 335872K, used 328978K [0x00000000e0000000, 0x00000000fc400000, 0x0000000100000000)
  eden space 310784K, 100% used [0x00000000e0000000,0x00000000f2f80000,0x00000000f2f80000)
  from space 25088K, 72% used [0x00000000f2f80000,0x00000000f4144810,0x00000000f4800000)
  to   space 26624K, 99% used [0x00000000faa00000,0x00000000fc3fd5c8,0x00000000fc400000)
 ParOldGen       total 115200K, used 115197K [0x00000000a0000000, 0x00000000a7080000, 0x00000000e0000000)
  object space 115200K, 99% used [0x00000000a0000000,0x00000000a707f6d8,0x00000000a7080000)
 Metaspace       used 88428K, capacity 92628K, committed 92824K, reserved 1130496K
  class space    used 11751K, capacity 12586K, committed 12712K, reserved 1048576K
GC Heap History (10 events):
Event: 9.776 GC heap after
Heap after GC invocations=14 (full 2):
 PSYoungGen      total 250880K, used 512K [0x00000000e0000000, 0x00000000f2600000, 0x0000000100000000)
  eden space 228864K, 0% used [0x00000000e0000000,0x00000000e0000000,0x00000000edf80000)
  from space 22016K, 2% used [0x00000000ef580000,0x00000000ef6001e8,0x00000000f0b00000)
  to   space 22528K, 0% used [0x00000000edf80000,0x00000000edf80000,0x00000000ef580000)
 ParOldGen       total 75264K, used 42573K [0x00000000a0000000, 0x00000000a4980000, 0x00000000e0000000)
  object space 75264K, 56% used [0x00000000a0000000,0x00000000a2993670,0x00000000a4980000)
 Metaspace       used 57113K, capacity 59120K, committed 59160K, reserved 1099776K
  class space    used 7738K, capacity 8219K, committed 8232K, reserved 1048576K
}
Event: 9.776 GC heap before
{Heap before GC invocations=15 (full 3):
 PSYoungGen      total 250880K, used 512K [0x00000000e0000000, 0x00000000f2600000, 0x0000000100000000)
  eden space 228864K, 0% used [0x00000000e0000000,0x00000000e0000000,0x00000000edf80000)
  from space 22016K, 2% used [0x00000000ef580000,0x00000000ef6001e8,0x00000000f0b00000)
  to   space 22528K, 0% used [0x00000000edf80000,0x00000000edf80000,0x00000000ef580000)
 ParOldGen       total 75264K, used 42573K [0x00000000a0000000, 0x00000000a4980000, 0x00000000e0000000)
  object space 75264K, 56% used [0x00000000a0000000,0x00000000a2993670,0x00000000a4980000)
 Metaspace       used 57113K, capacity 59120K, committed 59160K, reserved 1099776K
  class space    used 7738K, capacity 8219K, committed 8232K, reserved 1048576K
Event: 9.945 GC heap after
Heap after GC invocations=15 (full 3):
 PSYoungGen      total 250880K, used 0K [0x00000000e0000000, 0x00000000f2600000, 0x0000000100000000)
  eden space 228864K, 0% used [0x00000000e0000000,0x00000000e0000000,0x00000000edf80000)
  from space 22016K, 0% used [0x00000000ef580000,0x00000000ef580000,0x00000000f0b00000)
  to   space 22528K, 0% used [0x00000000edf80000,0x00000000edf80000,0x00000000ef580000)
 ParOldGen       total 103424K, used 31842K [0x00000000a0000000, 0x00000000a6500000, 0x00000000e0000000)
  object space 103424K, 30% used [0x00000000a0000000,0x00000000a1f18ba8,0x00000000a6500000)
 Metaspace       used 57074K, capacity 58988K, committed 59160K, reserved 1099776K
  class space    used 7726K, capacity 8197K, committed 8232K, reserved 1048576K
}
Event: 12.999 GC heap before
{Heap before GC invocations=16 (full 3):
 PSYoungGen      total 250880K, used 228864K [0x00000000e0000000, 0x00000000f2600000, 0x0000000100000000)
  eden space 228864K, 100% used [0x00000000e0000000,0x00000000edf80000,0x00000000edf80000)
  from space 22016K, 0% used [0x00000000ef580000,0x00000000ef580000,0x00000000f0b00000)
  to   space 22528K, 0% used [0x00000000edf80000,0x00000000edf80000,0x00000000ef580000)
 ParOldGen       total 103424K, used 31842K [0x00000000a0000000, 0x00000000a6500000, 0x00000000e0000000)
  object space 103424K, 30% used [0x00000000a0000000,0x00000000a1f18ba8,0x00000000a6500000)
 Metaspace       used 65146K, capacity 68368K, committed 68504K, reserved 1107968K
  class space    used 8940K, capacity 9636K, committed 9640K, reserved 1048576K
Event: 13.021 GC heap after
Heap after GC invocations=16 (full 3):
 PSYoungGen      total 251392K, used 21732K [0x00000000e0000000, 0x00000000f6880000, 0x0000000100000000)
  eden space 228864K, 0% used [0x00000000e0000000,0x00000000e0000000,0x00000000edf80000)
  from space 22528K, 96% used [0x00000000edf80000,0x00000000ef4b90d0,0x00000000ef580000)
  to   space 26112K, 0% used [0x00000000f4f00000,0x00000000f4f00000,0x00000000f6880000)
 ParOldGen       total 103424K, used 31850K [0x00000000a0000000, 0x00000000a6500000, 0x00000000e0000000)
  object space 103424K, 30% used [0x00000000a0000000,0x00000000a1f1aba8,0x00000000a6500000)
 Metaspace       used 65146K, capacity 68368K, committed 68504K, reserved 1107968K
  class space    used 8940K, capacity 9636K, committed 9640K, reserved 1048576K
}
Event: 15.211 GC heap before
{Heap before GC invocations=17 (full 3):
 PSYoungGen      total 251392K, used 250596K [0x00000000e0000000, 0x00000000f6880000, 0x0000000100000000)
  eden space 228864K, 100% used [0x00000000e0000000,0x00000000edf80000,0x00000000edf80000)
  from space 22528K, 96% used [0x00000000edf80000,0x00000000ef4b90d0,0x00000000ef580000)
  to   space 26112K, 0% used [0x00000000f4f00000,0x00000000f4f00000,0x00000000f6880000)
 ParOldGen       total 103424K, used 31850K [0x00000000a0000000, 0x00000000a6500000, 0x00000000e0000000)
  object space 103424K, 30% used [0x00000000a0000000,0x00000000a1f1aba8,0x00000000a6500000)
 Metaspace       used 67858K, capacity 71234K, committed 71320K, reserved 1110016K
  class space    used 9213K, capacity 9885K, committed 9896K, reserved 1048576K
Event: 15.244 GC heap after
Heap after GC invocations=17 (full 3):
 PSYoungGen      total 328704K, used 6510K [0x00000000e0000000, 0x00000000f6080000, 0x0000000100000000)
  eden space 310784K, 0% used [0x00000000e0000000,0x00000000e0000000,0x00000000f2f80000)
  from space 17920K, 36% used [0x00000000f4f00000,0x00000000f555ba18,0x00000000f6080000)
  to   space 25088K, 0% used [0x00000000f2f80000,0x00000000f2f80000,0x00000000f4800000)
 ParOldGen       total 103424K, used 47526K [0x00000000a0000000, 0x00000000a6500000, 0x00000000e0000000)
  object space 103424K, 45% used [0x00000000a0000000,0x00000000a2e69a90,0x00000000a6500000)
 Metaspace       used 67858K, capacity 71234K, committed 71320K, reserved 1110016K
  class space    used 9213K, capacity 9885K, committed 9896K, reserved 1048576K
}
Event: 29.830 GC heap before
{Heap before GC invocations=18 (full 3):
 PSYoungGen      total 328704K, used 317294K [0x00000000e0000000, 0x00000000f6080000, 0x0000000100000000)
  eden space 310784K, 100% used [0x00000000e0000000,0x00000000f2f80000,0x00000000f2f80000)
  from space 17920K, 36% used [0x00000000f4f00000,0x00000000f555ba18,0x00000000f6080000)
  to   space 25088K, 0% used [0x00000000f2f80000,0x00000000f2f80000,0x00000000f4800000)
 ParOldGen       total 103424K, used 47526K [0x00000000a0000000, 0x00000000a6500000, 0x00000000e0000000)
  object space 103424K, 45% used [0x00000000a0000000,0x00000000a2e69a90,0x00000000a6500000)
 Metaspace       used 77384K, capacity 81222K, committed 81304K, reserved 1120256K
  class space    used 10382K, capacity 11145K, committed 11176K, reserved 1048576K
Event: 29.862 GC heap after
Heap after GC invocations=18 (full 3):
 PSYoungGen      total 335872K, used 18194K [0x00000000e0000000, 0x00000000fc400000, 0x0000000100000000)
  eden space 310784K, 0% used [0x00000000e0000000,0x00000000e0000000,0x00000000f2f80000)
  from space 25088K, 72% used [0x00000000f2f80000,0x00000000f4144810,0x00000000f4800000)
  to   space 26624K, 0% used [0x00000000faa00000,0x00000000faa00000,0x00000000fc400000)
 ParOldGen       total 103424K, used 50547K [0x00000000a0000000, 0x00000000a6500000, 0x00000000e0000000)
  object space 103424K, 48% used [0x00000000a0000000,0x00000000a315cd58,0x00000000a6500000)
 Metaspace       used 77384K, capacity 81222K, committed 81304K, reserved 1120256K
  class space    used 10382K, capacity 11145K, committed 11176K, reserved 1048576K
}
Event: 37.472 GC heap before
{Heap before GC invocations=19 (full 3):
 PSYoungGen      total 335872K, used 328978K [0x00000000e0000000, 0x00000000fc400000, 0x0000000100000000)
  eden space 310784K, 100% used [0x00000000e0000000,0x00000000f2f80000,0x00000000f2f80000)
  from space 25088K, 72% used [0x00000000f2f80000,0x00000000f4144810,0x00000000f4800000)
  to   space 26624K, 0% used [0x00000000faa00000,0x00000000faa00000,0x00000000fc400000)
 ParOldGen       total 103424K, used 50547K [0x00000000a0000000, 0x00000000a6500000, 0x00000000e0000000)
  object space 103424K, 48% used [0x00000000a0000000,0x00000000a315cd58,0x00000000a6500000)
 Metaspace       used 88428K, capacity 92628K, committed 92824K, reserved 1130496K
  class space    used 11751K, capacity 12586K, committed 12712K, reserved 1048576K

