# JRE version: OpenJDK Runtime Environment (8.0_242-b01) (build 1.8.0_242-release-1644-b01)
# Java VM: OpenJDK 64-Bit Server VM (25.242-b01 mixed mode windows-amd64 compressed oops)
Heap:
 PSYoungGen      total 243200K, used 152891K [0x00000000e0000000, 0x00000000f2c00000, 0x0000000100000000)
  eden space 183808K, 73% used [0x00000000e0000000,0x00000000e83a4a28,0x00000000eb380000)
  from space 59392K, 30% used [0x00000000eec80000,0x00000000efe2a3a0,0x00000000f2680000)
  to   space 58368K, 0% used [0x00000000eb380000,0x00000000eb380000,0x00000000eec80000)
 ParOldGen       total 206848K, used 55693K [0x00000000a0000000, 0x00000000aca00000, 0x00000000e0000000)
  object space 206848K, 26% used [0x00000000a0000000,0x00000000a3663770,0x00000000aca00000)
 Metaspace       used 118614K, capacity 123914K, committed 128408K, reserved 1161216K
  class space    used 15091K, capacity 16079K, committed 16808K, reserved 1048576K
GC Heap History (10 events):
Event: 2211.089 GC heap before
{Heap before GC invocations=31 (full 4):
 PSYoungGen      total 246784K, used 241952K [0x00000000e0000000, 0x00000000f4380000, 0x0000000100000000)
  eden space 194048K, 100% used [0x00000000e0000000,0x00000000ebd80000,0x00000000ebd80000)
  from space 52736K, 90% used [0x00000000ef700000,0x00000000f25c8128,0x00000000f2a80000)
  to   space 58880K, 0% used [0x00000000ebd80000,0x00000000ebd80000,0x00000000ef700000)
 ParOldGen       total 206848K, used 76013K [0x00000000a0000000, 0x00000000aca00000, 0x00000000e0000000)
  object space 206848K, 36% used [0x00000000a0000000,0x00000000a4a3b5e0,0x00000000aca00000)
 Metaspace       used 120924K, capacity 126958K, committed 127256K, reserved 1159168K
  class space    used 15452K, capacity 16597K, committed 16680K, reserved 1048576K
Event: 2211.183 GC heap after
Heap after GC invocations=31 (full 4):
 PSYoungGen      total 229376K, used 40515K [0x00000000e0000000, 0x00000000f2f00000, 0x0000000100000000)
  eden space 188416K, 0% used [0x00000000e0000000,0x00000000e0000000,0x00000000eb800000)
  from space 40960K, 98% used [0x00000000ebd80000,0x00000000ee510e48,0x00000000ee580000)
  to   space 60928K, 0% used [0x00000000ef380000,0x00000000ef380000,0x00000000f2f00000)
 ParOldGen       total 206848K, used 76029K [0x00000000a0000000, 0x00000000aca00000, 0x00000000e0000000)
  object space 206848K, 36% used [0x00000000a0000000,0x00000000a4a3f5e0,0x00000000aca00000)
 Metaspace       used 120924K, capacity 126958K, committed 127256K, reserved 1159168K
  class space    used 15452K, capacity 16597K, committed 16680K, reserved 1048576K
}
Event: 2235.239 GC heap before
{Heap before GC invocations=32 (full 4):
 PSYoungGen      total 229376K, used 228931K [0x00000000e0000000, 0x00000000f2f00000, 0x0000000100000000)
  eden space 188416K, 100% used [0x00000000e0000000,0x00000000eb800000,0x00000000eb800000)
  from space 40960K, 98% used [0x00000000ebd80000,0x00000000ee510e48,0x00000000ee580000)
  to   space 60928K, 0% used [0x00000000ef380000,0x00000000ef380000,0x00000000f2f00000)
 ParOldGen       total 206848K, used 76029K [0x00000000a0000000, 0x00000000aca00000, 0x00000000e0000000)
  object space 206848K, 36% used [0x00000000a0000000,0x00000000a4a3f5e0,0x00000000aca00000)
 Metaspace       used 121610K, capacity 127984K, committed 128152K, reserved 1161216K
  class space    used 15525K, capacity 16730K, committed 16808K, reserved 1048576K
Event: 2235.350 GC heap after
Heap after GC invocations=32 (full 4):
 PSYoungGen      total 240128K, used 39745K [0x00000000e0000000, 0x00000000f2b80000, 0x0000000100000000)
  eden space 182784K, 0% used [0x00000000e0000000,0x00000000e0000000,0x00000000eb280000)
  from space 57344K, 69% used [0x00000000ef380000,0x00000000f1a50468,0x00000000f2b80000)
  to   space 61952K, 0% used [0x00000000eb280000,0x00000000eb280000,0x00000000eef00000)
 ParOldGen       total 206848K, used 76037K [0x00000000a0000000, 0x00000000aca00000, 0x00000000e0000000)
  object space 206848K, 36% used [0x00000000a0000000,0x00000000a4a415e0,0x00000000aca00000)
 Metaspace       used 121610K, capacity 127984K, committed 128152K, reserved 1161216K
  class space    used 15525K, capacity 16730K, committed 16808K, reserved 1048576K
}
Event: 3685.110 GC heap before
{Heap before GC invocations=33 (full 4):
 PSYoungGen      total 240128K, used 202271K [0x00000000e0000000, 0x00000000f2b80000, 0x0000000100000000)
  eden space 182784K, 88% used [0x00000000e0000000,0x00000000e9eb7b10,0x00000000eb280000)
  from space 57344K, 69% used [0x00000000ef380000,0x00000000f1a50468,0x00000000f2b80000)
  to   space 61952K, 0% used [0x00000000eb280000,0x00000000eb280000,0x00000000eef00000)
 ParOldGen       total 206848K, used 76037K [0x00000000a0000000, 0x00000000aca00000, 0x00000000e0000000)
  object space 206848K, 36% used [0x00000000a0000000,0x00000000a4a415e0,0x00000000aca00000)
 Metaspace       used 121750K, capacity 128284K, committed 128408K, reserved 1161216K
  class space    used 15535K, capacity 16748K, committed 16808K, reserved 1048576K
Event: 3685.459 GC heap after
Heap after GC invocations=33 (full 4):
 PSYoungGen      total 214016K, used 30731K [0x00000000e0000000, 0x00000000f2680000, 0x0000000100000000)
  eden space 182784K, 0% used [0x00000000e0000000,0x00000000e0000000,0x00000000eb280000)
  from space 31232K, 98% used [0x00000000eb280000,0x00000000ed082ff0,0x00000000ed100000)
  to   space 59392K, 0% used [0x00000000eec80000,0x00000000eec80000,0x00000000f2680000)
 ParOldGen       total 206848K, used 76045K [0x00000000a0000000, 0x00000000aca00000, 0x00000000e0000000)
  object space 206848K, 36% used [0x00000000a0000000,0x00000000a4a435e0,0x00000000aca00000)
 Metaspace       used 121750K, capacity 128284K, committed 128408K, reserved 1161216K
  class space    used 15535K, capacity 16748K, committed 16808K, reserved 1048576K
}
Event: 3685.459 GC heap before
{Heap before GC invocations=34 (full 5):
 PSYoungGen      total 214016K, used 30731K [0x00000000e0000000, 0x00000000f2680000, 0x0000000100000000)
  eden space 182784K, 0% used [0x00000000e0000000,0x00000000e0000000,0x00000000eb280000)
  from space 31232K, 98% used [0x00000000eb280000,0x00000000ed082ff0,0x00000000ed100000)
  to   space 59392K, 0% used [0x00000000eec80000,0x00000000eec80000,0x00000000f2680000)
 ParOldGen       total 206848K, used 76045K [0x00000000a0000000, 0x00000000aca00000, 0x00000000e0000000)
  object space 206848K, 36% used [0x00000000a0000000,0x00000000a4a435e0,0x00000000aca00000)
 Metaspace       used 121750K, capacity 128284K, committed 128408K, reserved 1161216K
  class space    used 15535K, capacity 16748K, committed 16808K, reserved 1048576K
Event: 3688.113 GC heap after
Heap after GC invocations=34 (full 5):
 PSYoungGen      total 214016K, used 0K [0x00000000e0000000, 0x00000000f2680000, 0x0000000100000000)
  eden space 182784K, 0% used [0x00000000e0000000,0x00000000e0000000,0x00000000eb280000)
  from space 31232K, 0% used [0x00000000eb280000,0x00000000eb280000,0x00000000ed100000)
  to   space 59392K, 0% used [0x00000000eec80000,0x00000000eec80000,0x00000000f2680000)
 ParOldGen       total 206848K, used 55685K [0x00000000a0000000, 0x00000000aca00000, 0x00000000e0000000)
  object space 206848K, 26% used [0x00000000a0000000,0x00000000a3661770,0x00000000aca00000)
 Metaspace       used 113794K, capacity 118766K, committed 128408K, reserved 1161216K
  class space    used 14467K, capacity 15396K, committed 16808K, reserved 1048576K
}
Event: 3926.107 GC heap before
{Heap before GC invocations=35 (full 5):
 PSYoungGen      total 214016K, used 182784K [0x00000000e0000000, 0x00000000f2680000, 0x0000000100000000)
  eden space 182784K, 100% used [0x00000000e0000000,0x00000000eb280000,0x00000000eb280000)
  from space 31232K, 0% used [0x00000000eb280000,0x00000000eb280000,0x00000000ed100000)
  to   space 59392K, 0% used [0x00000000eec80000,0x00000000eec80000,0x00000000f2680000)
 ParOldGen       total 206848K, used 55685K [0x00000000a0000000, 0x00000000aca00000, 0x00000000e0000000)
  object space 206848K, 26% used [0x00000000a0000000,0x00000000a3661770,0x00000000aca00000)
 Metaspace       used 117529K, capacity 122696K, committed 128408K, reserved 1161216K
  class space    used 14960K, capacity 15924K, committed 16808K, reserved 1048576K
Event: 3926.231 GC heap after
Heap after GC invocations=35 (full 5):
 PSYoungGen      total 243200K, used 18088K [0x00000000e0000000, 0x00000000f2c00000, 0x0000000100000000)
  eden space 183808K, 0% used [0x00000000e0000000,0x00000000e0000000,0x00000000eb380000)
  from space 59392K, 30% used [0x00000000eec80000,0x00000000efe2a3a0,0x00000000f2680000)
  to   space 58368K, 0% used [0x00000000eb380000,0x00000000eb380000,0x00000000eec80000)
 ParOldGen       total 206848K, used 55693K [0x00000000a0000000, 0x00000000aca00000, 0x00000000e0000000)
  object space 206848K, 26% used [0x00000000a0000000,0x00000000a3663770,0x00000000aca00000)
 Metaspace       used 117529K, capacity 122696K, committed 128408K, reserved 1161216K
  class space    used 14960K, capacity 15924K, committed 16808K, reserved 1048576K
}

