# JRE version: OpenJDK Runtime Environment (8.0_242-b01) (build 1.8.0_242-release-1644-b01)
# Java VM: OpenJDK 64-Bit Server VM (25.242-b01 mixed mode windows-amd64 compressed oops)
Heap:
 PSYoungGen      total 123392K, used 62295K [0x00000000e0000000, 0x00000000e8b80000, 0x0000000100000000)
  eden space 111104K, 45% used [0x00000000e0000000,0x00000000e30dbc60,0x00000000e6c80000)
  from space 12288K, 99% used [0x00000000e6e00000,0x00000000e79fa008,0x00000000e7a00000)
  to   space 15872K, 0% used [0x00000000e7c00000,0x00000000e7c00000,0x00000000e8b80000)
 ParOldGen       total 88576K, used 20385K [0x00000000a0000000, 0x00000000a5680000, 0x00000000e0000000)
  object space 88576K, 23% used [0x00000000a0000000,0x00000000a13e8460,0x00000000a5680000)
 Metaspace       used 51530K, capacity 53326K, committed 53424K, reserved 1095680K
  class space    used 6855K, capacity 7304K, committed 7344K, reserved 1048576K
GC Heap History (10 events):
Event: 11.065 GC heap before
{Heap before GC invocations=11 (full 1):
 PSYoungGen      total 66560K, used 63291K [0x00000000e0000000, 0x00000000e6400000, 0x0000000100000000)
  eden space 55296K, 100% used [0x00000000e0000000,0x00000000e3600000,0x00000000e3600000)
  from space 11264K, 70% used [0x00000000e3600000,0x00000000e3dced78,0x00000000e4100000)
  to   space 11264K, 0% used [0x00000000e5900000,0x00000000e5900000,0x00000000e6400000)
 ParOldGen       total 52224K, used 7190K [0x00000000a0000000, 0x00000000a3300000, 0x00000000e0000000)
  object space 52224K, 13% used [0x00000000a0000000,0x00000000a0705ac8,0x00000000a3300000)
 Metaspace       used 32721K, capacity 33516K, committed 33712K, reserved 1079296K
  class space    used 4468K, capacity 4675K, committed 4784K, reserved 1048576K
Event: 11.077 GC heap after
Heap after GC invocations=11 (full 1):
 PSYoungGen      total 90624K, used 7994K [0x00000000e0000000, 0x00000000e6580000, 0x0000000100000000)
  eden space 79360K, 0% used [0x00000000e0000000,0x00000000e0000000,0x00000000e4d80000)
  from space 11264K, 70% used [0x00000000e5900000,0x00000000e60ce800,0x00000000e6400000)
  to   space 11776K, 0% used [0x00000000e4d80000,0x00000000e4d80000,0x00000000e5900000)
 ParOldGen       total 52224K, used 7853K [0x00000000a0000000, 0x00000000a3300000, 0x00000000e0000000)
  object space 52224K, 15% used [0x00000000a0000000,0x00000000a07ab608,0x00000000a3300000)
 Metaspace       used 32721K, capacity 33516K, committed 33712K, reserved 1079296K
  class space    used 4468K, capacity 4675K, committed 4784K, reserved 1048576K
}
Event: 11.482 GC heap before
{Heap before GC invocations=12 (full 1):
 PSYoungGen      total 90624K, used 45270K [0x00000000e0000000, 0x00000000e6580000, 0x0000000100000000)
  eden space 79360K, 46% used [0x00000000e0000000,0x00000000e24671f8,0x00000000e4d80000)
  from space 11264K, 70% used [0x00000000e5900000,0x00000000e60ce800,0x00000000e6400000)
  to   space 11776K, 0% used [0x00000000e4d80000,0x00000000e4d80000,0x00000000e5900000)
 ParOldGen       total 52224K, used 7853K [0x00000000a0000000, 0x00000000a3300000, 0x00000000e0000000)
  object space 52224K, 15% used [0x00000000a0000000,0x00000000a07ab608,0x00000000a3300000)
 Metaspace       used 34446K, capacity 35342K, committed 35496K, reserved 1079296K
  class space    used 4718K, capacity 4934K, committed 5040K, reserved 1048576K
Event: 11.491 GC heap after
Heap after GC invocations=12 (full 1):
 PSYoungGen      total 91136K, used 2488K [0x00000000e0000000, 0x00000000e8880000, 0x0000000100000000)
  eden space 79360K, 0% used [0x00000000e0000000,0x00000000e0000000,0x00000000e4d80000)
  from space 11776K, 21% used [0x00000000e4d80000,0x00000000e4fee208,0x00000000e5900000)
  to   space 11776K, 0% used [0x00000000e7d00000,0x00000000e7d00000,0x00000000e8880000)
 ParOldGen       total 52224K, used 13797K [0x00000000a0000000, 0x00000000a3300000, 0x00000000e0000000)
  object space 52224K, 26% used [0x00000000a0000000,0x00000000a0d79678,0x00000000a3300000)
 Metaspace       used 34446K, capacity 35342K, committed 35496K, reserved 1079296K
  class space    used 4718K, capacity 4934K, committed 5040K, reserved 1048576K
}
Event: 11.491 GC heap before
{Heap before GC invocations=13 (full 2):
 PSYoungGen      total 91136K, used 2488K [0x00000000e0000000, 0x00000000e8880000, 0x0000000100000000)
  eden space 79360K, 0% used [0x00000000e0000000,0x00000000e0000000,0x00000000e4d80000)
  from space 11776K, 21% used [0x00000000e4d80000,0x00000000e4fee208,0x00000000e5900000)
  to   space 11776K, 0% used [0x00000000e7d00000,0x00000000e7d00000,0x00000000e8880000)
 ParOldGen       total 52224K, used 13797K [0x00000000a0000000, 0x00000000a3300000, 0x00000000e0000000)
  object space 52224K, 26% used [0x00000000a0000000,0x00000000a0d79678,0x00000000a3300000)
 Metaspace       used 34446K, capacity 35342K, committed 35496K, reserved 1079296K
  class space    used 4718K, capacity 4934K, committed 5040K, reserved 1048576K
Event: 11.645 GC heap after
Heap after GC invocations=13 (full 2):
 PSYoungGen      total 91136K, used 0K [0x00000000e0000000, 0x00000000e8880000, 0x0000000100000000)
  eden space 79360K, 0% used [0x00000000e0000000,0x00000000e0000000,0x00000000e4d80000)
  from space 11776K, 0% used [0x00000000e4d80000,0x00000000e4d80000,0x00000000e5900000)
  to   space 11776K, 0% used [0x00000000e7d00000,0x00000000e7d00000,0x00000000e8880000)
 ParOldGen       total 88576K, used 15575K [0x00000000a0000000, 0x00000000a5680000, 0x00000000e0000000)
  object space 88576K, 17% used [0x00000000a0000000,0x00000000a0f35cb0,0x00000000a5680000)
 Metaspace       used 34446K, capacity 35342K, committed 35496K, reserved 1079296K
  class space    used 4718K, capacity 4934K, committed 5040K, reserved 1048576K
}
Event: 13.471 GC heap before
{Heap before GC invocations=14 (full 2):
 PSYoungGen      total 91136K, used 79360K [0x00000000e0000000, 0x00000000e8880000, 0x0000000100000000)
  eden space 79360K, 100% used [0x00000000e0000000,0x00000000e4d80000,0x00000000e4d80000)
  from space 11776K, 0% used [0x00000000e4d80000,0x00000000e4d80000,0x00000000e5900000)
  to   space 11776K, 0% used [0x00000000e7d00000,0x00000000e7d00000,0x00000000e8880000)
 ParOldGen       total 88576K, used 15575K [0x00000000a0000000, 0x00000000a5680000, 0x00000000e0000000)
  object space 88576K, 17% used [0x00000000a0000000,0x00000000a0f35cb0,0x00000000a5680000)
 Metaspace       used 39880K, capacity 41288K, committed 41520K, reserved 1085440K
  class space    used 5470K, capacity 5830K, committed 5936K, reserved 1048576K
Event: 13.483 GC heap after
Heap after GC invocations=14 (full 2):
 PSYoungGen      total 103424K, used 8845K [0x00000000e0000000, 0x00000000e8600000, 0x0000000100000000)
  eden space 94208K, 0% used [0x00000000e0000000,0x00000000e0000000,0x00000000e5c00000)
  from space 9216K, 95% used [0x00000000e7d00000,0x00000000e85a36a8,0x00000000e8600000)
  to   space 12288K, 0% used [0x00000000e6e00000,0x00000000e6e00000,0x00000000e7a00000)
 ParOldGen       total 88576K, used 15583K [0x00000000a0000000, 0x00000000a5680000, 0x00000000e0000000)
  object space 88576K, 17% used [0x00000000a0000000,0x00000000a0f37cb0,0x00000000a5680000)
 Metaspace       used 39880K, capacity 41288K, committed 41520K, reserved 1085440K
  class space    used 5470K, capacity 5830K, committed 5936K, reserved 1048576K
}
Event: 15.405 GC heap before
{Heap before GC invocations=15 (full 2):
 PSYoungGen      total 103424K, used 103053K [0x00000000e0000000, 0x00000000e8600000, 0x0000000100000000)
  eden space 94208K, 100% used [0x00000000e0000000,0x00000000e5c00000,0x00000000e5c00000)
  from space 9216K, 95% used [0x00000000e7d00000,0x00000000e85a36a8,0x00000000e8600000)
  to   space 12288K, 0% used [0x00000000e6e00000,0x00000000e6e00000,0x00000000e7a00000)
 ParOldGen       total 88576K, used 15583K [0x00000000a0000000, 0x00000000a5680000, 0x00000000e0000000)
  object space 88576K, 17% used [0x00000000a0000000,0x00000000a0f37cb0,0x00000000a5680000)
 Metaspace       used 49305K, capacity 50930K, committed 51120K, reserved 1093632K
  class space    used 6578K, capacity 7009K, committed 7088K, reserved 1048576K
Event: 15.424 GC heap after
Heap after GC invocations=15 (full 2):
 PSYoungGen      total 123392K, used 12264K [0x00000000e0000000, 0x00000000e8b80000, 0x0000000100000000)
  eden space 111104K, 0% used [0x00000000e0000000,0x00000000e0000000,0x00000000e6c80000)
  from space 12288K, 99% used [0x00000000e6e00000,0x00000000e79fa008,0x00000000e7a00000)
  to   space 15872K, 0% used [0x00000000e7c00000,0x00000000e7c00000,0x00000000e8b80000)
 ParOldGen       total 88576K, used 20385K [0x00000000a0000000, 0x00000000a5680000, 0x00000000e0000000)
  object space 88576K, 23% used [0x00000000a0000000,0x00000000a13e8460,0x00000000a5680000)
 Metaspace       used 49305K, capacity 50930K, committed 51120K, reserved 1093632K
  class space    used 6578K, capacity 7009K, committed 7088K, reserved 1048576K
}

