# JRE version: OpenJDK Runtime Environment (8.0_242-b01) (build 1.8.0_242-release-1644-b01)
# Java VM: OpenJDK 64-Bit Server VM (25.242-b01 mixed mode windows-amd64 compressed oops)
Heap:
 PSYoungGen      total 334848K, used 181755K [0x00000000e0000000, 0x00000000fa180000, 0x0000000100000000)
  eden space 309248K, 54% used [0x00000000e0000000,0x00000000ea536a88,0x00000000f2e00000)
  from space 25600K, 49% used [0x00000000f8880000,0x00000000f94c81a0,0x00000000fa180000)
  to   space 22528K, 0% used [0x00000000f2e00000,0x00000000f2e00000,0x00000000f4400000)
 ParOldGen       total 111616K, used 111245K [0x00000000a0000000, 0x00000000a6d00000, 0x00000000e0000000)
  object space 111616K, 99% used [0x00000000a0000000,0x00000000a6ca3448,0x00000000a6d00000)
 Metaspace       used 96297K, capacity 100274K, committed 101528K, reserved 1136640K
  class space    used 12646K, capacity 13477K, committed 13736K, reserved 1048576K
GC Heap History (10 events):
Event: 18.689 GC heap before
{Heap before GC invocations=16 (full 3):
 PSYoungGen      total 264704K, used 247296K [0x00000000e0000000, 0x00000000f1700000, 0x0000000100000000)
  eden space 247296K, 100% used [0x00000000e0000000,0x00000000ef180000,0x00000000ef180000)
  from space 17408K, 0% used [0x00000000f0400000,0x00000000f0400000,0x00000000f1500000)
  to   space 18944K, 0% used [0x00000000ef180000,0x00000000ef180000,0x00000000f0400000)
 ParOldGen       total 106496K, used 37445K [0x00000000a0000000, 0x00000000a6800000, 0x00000000e0000000)
  object space 106496K, 35% used [0x00000000a0000000,0x00000000a24914a0,0x00000000a6800000)
 Metaspace       used 65233K, capacity 68494K, committed 68760K, reserved 1107968K
  class space    used 8948K, capacity 9619K, committed 9640K, reserved 1048576K
Event: 18.711 GC heap after
Heap after GC invocations=16 (full 3):
 PSYoungGen      total 266240K, used 18926K [0x00000000e0000000, 0x00000000f6300000, 0x0000000100000000)
  eden space 247296K, 0% used [0x00000000e0000000,0x00000000e0000000,0x00000000ef180000)
  from space 18944K, 99% used [0x00000000ef180000,0x00000000f03fbaa8,0x00000000f0400000)
  to   space 23040K, 0% used [0x00000000f4c80000,0x00000000f4c80000,0x00000000f6300000)
 ParOldGen       total 106496K, used 41168K [0x00000000a0000000, 0x00000000a6800000, 0x00000000e0000000)
  object space 106496K, 38% used [0x00000000a0000000,0x00000000a2834338,0x00000000a6800000)
 Metaspace       used 65233K, capacity 68494K, committed 68760K, reserved 1107968K
  class space    used 8948K, capacity 9619K, committed 9640K, reserved 1048576K
}
Event: 22.905 GC heap before
{Heap before GC invocations=17 (full 3):
 PSYoungGen      total 266240K, used 266222K [0x00000000e0000000, 0x00000000f6300000, 0x0000000100000000)
  eden space 247296K, 100% used [0x00000000e0000000,0x00000000ef180000,0x00000000ef180000)
  from space 18944K, 99% used [0x00000000ef180000,0x00000000f03fbaa8,0x00000000f0400000)
  to   space 23040K, 0% used [0x00000000f4c80000,0x00000000f4c80000,0x00000000f6300000)
 ParOldGen       total 106496K, used 41168K [0x00000000a0000000, 0x00000000a6800000, 0x00000000e0000000)
  object space 106496K, 38% used [0x00000000a0000000,0x00000000a2834338,0x00000000a6800000)
 Metaspace       used 68589K, capacity 71844K, committed 71960K, reserved 1112064K
  class space    used 9282K, capacity 9966K, committed 10024K, reserved 1048576K
Event: 22.925 GC heap after
Heap after GC invocations=17 (full 3):
 PSYoungGen      total 323072K, used 6115K [0x00000000e0000000, 0x00000000f5a00000, 0x0000000100000000)
  eden space 309248K, 0% used [0x00000000e0000000,0x00000000e0000000,0x00000000f2e00000)
  from space 13824K, 44% used [0x00000000f4c80000,0x00000000f5278cf8,0x00000000f5a00000)
  to   space 22528K, 0% used [0x00000000f2e00000,0x00000000f2e00000,0x00000000f4400000)
 ParOldGen       total 106496K, used 57687K [0x00000000a0000000, 0x00000000a6800000, 0x00000000e0000000)
  object space 106496K, 54% used [0x00000000a0000000,0x00000000a3855d80,0x00000000a6800000)
 Metaspace       used 68589K, capacity 71844K, committed 71960K, reserved 1112064K
  class space    used 9282K, capacity 9966K, committed 10024K, reserved 1048576K
}
Event: 45.024 GC heap before
{Heap before GC invocations=18 (full 3):
 PSYoungGen      total 323072K, used 315363K [0x00000000e0000000, 0x00000000f5a00000, 0x0000000100000000)
  eden space 309248K, 100% used [0x00000000e0000000,0x00000000f2e00000,0x00000000f2e00000)
  from space 13824K, 44% used [0x00000000f4c80000,0x00000000f5278cf8,0x00000000f5a00000)
  to   space 22528K, 0% used [0x00000000f2e00000,0x00000000f2e00000,0x00000000f4400000)
 ParOldGen       total 106496K, used 57687K [0x00000000a0000000, 0x00000000a6800000, 0x00000000e0000000)
  object space 106496K, 54% used [0x00000000a0000000,0x00000000a3855d80,0x00000000a6800000)
 Metaspace       used 79112K, capacity 82876K, committed 82968K, reserved 1120256K
  class space    used 10537K, capacity 11294K, committed 11304K, reserved 1048576K
Event: 45.100 GC heap after
Heap after GC invocations=18 (full 3):
 PSYoungGen      total 331776K, used 21810K [0x00000000e0000000, 0x00000000fa180000, 0x0000000100000000)
  eden space 309248K, 0% used [0x00000000e0000000,0x00000000e0000000,0x00000000f2e00000)
  from space 22528K, 96% used [0x00000000f2e00000,0x00000000f434c8b8,0x00000000f4400000)
  to   space 25600K, 0% used [0x00000000f8880000,0x00000000f8880000,0x00000000fa180000)
 ParOldGen       total 106496K, used 57703K [0x00000000a0000000, 0x00000000a6800000, 0x00000000e0000000)
  object space 106496K, 54% used [0x00000000a0000000,0x00000000a3859d80,0x00000000a6800000)
 Metaspace       used 79112K, capacity 82876K, committed 82968K, reserved 1120256K
  class space    used 10537K, capacity 11294K, committed 11304K, reserved 1048576K
}
Event: 48.364 GC heap before
{Heap before GC invocations=19 (full 3):
 PSYoungGen      total 331776K, used 331058K [0x00000000e0000000, 0x00000000fa180000, 0x0000000100000000)
  eden space 309248K, 100% used [0x00000000e0000000,0x00000000f2e00000,0x00000000f2e00000)
  from space 22528K, 96% used [0x00000000f2e00000,0x00000000f434c8b8,0x00000000f4400000)
  to   space 25600K, 0% used [0x00000000f8880000,0x00000000f8880000,0x00000000fa180000)
 ParOldGen       total 106496K, used 57703K [0x00000000a0000000, 0x00000000a6800000, 0x00000000e0000000)
  object space 106496K, 54% used [0x00000000a0000000,0x00000000a3859d80,0x00000000a6800000)
 Metaspace       used 92356K, capacity 97084K, committed 97304K, reserved 1132544K
  class space    used 12360K, capacity 13284K, committed 13352K, reserved 1048576K
Event: 48.452 GC heap after
Heap after GC invocations=19 (full 3):
 PSYoungGen      total 334848K, used 25581K [0x00000000e0000000, 0x00000000fa180000, 0x0000000100000000)
  eden space 309248K, 0% used [0x00000000e0000000,0x00000000e0000000,0x00000000f2e00000)
  from space 25600K, 99% used [0x00000000f8880000,0x00000000fa17b4a0,0x00000000fa180000)
  to   space 22528K, 0% used [0x00000000f2e00000,0x00000000f2e00000,0x00000000f4400000)
 ParOldGen       total 111616K, used 111329K [0x00000000a0000000, 0x00000000a6d00000, 0x00000000e0000000)
  object space 111616K, 99% used [0x00000000a0000000,0x00000000a6cb8750,0x00000000a6d00000)
 Metaspace       used 92356K, capacity 97084K, committed 97304K, reserved 1132544K
  class space    used 12360K, capacity 13284K, committed 13352K, reserved 1048576K
}
Event: 48.452 GC heap before
{Heap before GC invocations=20 (full 4):
 PSYoungGen      total 334848K, used 25581K [0x00000000e0000000, 0x00000000fa180000, 0x0000000100000000)
  eden space 309248K, 0% used [0x00000000e0000000,0x00000000e0000000,0x00000000f2e00000)
  from space 25600K, 99% used [0x00000000f8880000,0x00000000fa17b4a0,0x00000000fa180000)
  to   space 22528K, 0% used [0x00000000f2e00000,0x00000000f2e00000,0x00000000f4400000)
 ParOldGen       total 111616K, used 111329K [0x00000000a0000000, 0x00000000a6d00000, 0x00000000e0000000)
  object space 111616K, 99% used [0x00000000a0000000,0x00000000a6cb8750,0x00000000a6d00000)
 Metaspace       used 92356K, capacity 97084K, committed 97304K, reserved 1132544K
  class space    used 12360K, capacity 13284K, committed 13352K, reserved 1048576K
Event: 49.438 GC heap after
Heap after GC invocations=20 (full 4):
 PSYoungGen      total 334848K, used 12576K [0x00000000e0000000, 0x00000000fa180000, 0x0000000100000000)
  eden space 309248K, 0% used [0x00000000e0000000,0x00000000e0000000,0x00000000f2e00000)
  from space 25600K, 49% used [0x00000000f8880000,0x00000000f94c81a0,0x00000000fa180000)
  to   space 22528K, 0% used [0x00000000f2e00000,0x00000000f2e00000,0x00000000f4400000)
 ParOldGen       total 111616K, used 111245K [0x00000000a0000000, 0x00000000a6d00000, 0x00000000e0000000)
  object space 111616K, 99% used [0x00000000a0000000,0x00000000a6ca3448,0x00000000a6d00000)
 Metaspace       used 91916K, capacity 95886K, committed 97304K, reserved 1132544K
  class space    used 12217K, capacity 13029K, committed 13352K, reserved 1048576K
}

