# JRE version: OpenJDK Runtime Environment (8.0_242-b01) (build 1.8.0_242-release-1644-b01)
# Java VM: OpenJDK 64-Bit Server VM (25.242-b01 mixed mode windows-amd64 compressed oops)
Heap:
 PSYoungGen      total 403456K, used 188266K [0x00000000e0000000, 0x0000000100000000, 0x0000000100000000)
  eden space 364544K, 45% used [0x00000000e0000000,0x00000000ea367d58,0x00000000f6400000)
  from space 38912K, 53% used [0x00000000fa980000,0x00000000fbdf2d00,0x00000000fcf80000)
  to   space 71168K, 0% used [0x00000000f6400000,0x00000000f6400000,0x00000000fa980000)
 ParOldGen       total 140800K, used 140449K [0x00000000a0000000, 0x00000000a8980000, 0x00000000e0000000)
  object space 140800K, 99% used [0x00000000a0000000,0x00000000a89284c0,0x00000000a8980000)
 Metaspace       used 95334K, capacity 99312K, committed 100632K, reserved 1136640K
  class space    used 12536K, capacity 13344K, committed 13616K, reserved 1048576K
GC Heap History (10 events):
Event: 13.879 GC heap before
{Heap before GC invocations=16 (full 3):
 PSYoungGen      total 249856K, used 227840K [0x00000000e0000000, 0x00000000f2100000, 0x0000000100000000)
  eden space 227840K, 100% used [0x00000000e0000000,0x00000000ede80000,0x00000000ede80000)
  from space 22016K, 0% used [0x00000000ef480000,0x00000000ef480000,0x00000000f0a00000)
  to   space 22528K, 0% used [0x00000000ede80000,0x00000000ede80000,0x00000000ef480000)
 ParOldGen       total 102400K, used 31980K [0x00000000a0000000, 0x00000000a6400000, 0x00000000e0000000)
  object space 102400K, 31% used [0x00000000a0000000,0x00000000a1f3b2d8,0x00000000a6400000)
 Metaspace       used 65111K, capacity 68340K, committed 68504K, reserved 1107968K
  class space    used 8908K, capacity 9602K, committed 9648K, reserved 1048576K
Event: 13.898 GC heap after
Heap after GC invocations=16 (full 3):
 PSYoungGen      total 250368K, used 21735K [0x00000000e0000000, 0x00000000f6300000, 0x0000000100000000)
  eden space 227840K, 0% used [0x00000000e0000000,0x00000000e0000000,0x00000000ede80000)
  from space 22528K, 96% used [0x00000000ede80000,0x00000000ef3b9cf0,0x00000000ef480000)
  to   space 26112K, 0% used [0x00000000f4980000,0x00000000f4980000,0x00000000f6300000)
 ParOldGen       total 102400K, used 31988K [0x00000000a0000000, 0x00000000a6400000, 0x00000000e0000000)
  object space 102400K, 31% used [0x00000000a0000000,0x00000000a1f3d2d8,0x00000000a6400000)
 Metaspace       used 65111K, capacity 68340K, committed 68504K, reserved 1107968K
  class space    used 8908K, capacity 9602K, committed 9648K, reserved 1048576K
}
Event: 22.763 GC heap before
{Heap before GC invocations=17 (full 3):
 PSYoungGen      total 250368K, used 249575K [0x00000000e0000000, 0x00000000f6300000, 0x0000000100000000)
  eden space 227840K, 100% used [0x00000000e0000000,0x00000000ede80000,0x00000000ede80000)
  from space 22528K, 96% used [0x00000000ede80000,0x00000000ef3b9cf0,0x00000000ef480000)
  to   space 26112K, 0% used [0x00000000f4980000,0x00000000f4980000,0x00000000f6300000)
 ParOldGen       total 102400K, used 31988K [0x00000000a0000000, 0x00000000a6400000, 0x00000000e0000000)
  object space 102400K, 31% used [0x00000000a0000000,0x00000000a1f3d2d8,0x00000000a6400000)
 Metaspace       used 72529K, capacity 76022K, committed 76312K, reserved 1116160K
  class space    used 9798K, capacity 10493K, committed 10544K, reserved 1048576K
Event: 22.786 GC heap after
Heap after GC invocations=17 (full 3):
 PSYoungGen      total 320000K, used 14646K [0x00000000e0000000, 0x00000000f5a80000, 0x0000000100000000)
  eden space 302592K, 0% used [0x00000000e0000000,0x00000000e0000000,0x00000000f2780000)
  from space 17408K, 84% used [0x00000000f4980000,0x00000000f57cdb38,0x00000000f5a80000)
  to   space 26112K, 0% used [0x00000000f2780000,0x00000000f2780000,0x00000000f4100000)
 ParOldGen       total 102400K, used 47496K [0x00000000a0000000, 0x00000000a6400000, 0x00000000e0000000)
  object space 102400K, 46% used [0x00000000a0000000,0x00000000a2e62190,0x00000000a6400000)
 Metaspace       used 72529K, capacity 76022K, committed 76312K, reserved 1116160K
  class space    used 9798K, capacity 10493K, committed 10544K, reserved 1048576K
}
Event: 25.836 GC heap before
{Heap before GC invocations=18 (full 3):
 PSYoungGen      total 320000K, used 317238K [0x00000000e0000000, 0x00000000f5a80000, 0x0000000100000000)
  eden space 302592K, 100% used [0x00000000e0000000,0x00000000f2780000,0x00000000f2780000)
  from space 17408K, 84% used [0x00000000f4980000,0x00000000f57cdb38,0x00000000f5a80000)
  to   space 26112K, 0% used [0x00000000f2780000,0x00000000f2780000,0x00000000f4100000)
 ParOldGen       total 102400K, used 47496K [0x00000000a0000000, 0x00000000a6400000, 0x00000000e0000000)
  object space 102400K, 46% used [0x00000000a0000000,0x00000000a2e62190,0x00000000a6400000)
 Metaspace       used 87403K, capacity 91932K, committed 92056K, reserved 1128448K
  class space    used 11757K, capacity 12664K, committed 12720K, reserved 1048576K
Event: 25.888 GC heap after
Heap after GC invocations=18 (full 3):
 PSYoungGen      total 328704K, used 26095K [0x00000000e0000000, 0x00000000fcf80000, 0x0000000100000000)
  eden space 302592K, 0% used [0x00000000e0000000,0x00000000e0000000,0x00000000f2780000)
  from space 26112K, 99% used [0x00000000f2780000,0x00000000f40fbf98,0x00000000f4100000)
  to   space 38912K, 0% used [0x00000000fa980000,0x00000000fa980000,0x00000000fcf80000)
 ParOldGen       total 102400K, used 71502K [0x00000000a0000000, 0x00000000a6400000, 0x00000000e0000000)
  object space 102400K, 69% used [0x00000000a0000000,0x00000000a45d39b8,0x00000000a6400000)
 Metaspace       used 87403K, capacity 91932K, committed 92056K, reserved 1128448K
  class space    used 11757K, capacity 12664K, committed 12720K, reserved 1048576K
}
Event: 27.543 GC heap before
{Heap before GC invocations=19 (full 3):
 PSYoungGen      total 328704K, used 306459K [0x00000000e0000000, 0x00000000fcf80000, 0x0000000100000000)
  eden space 302592K, 92% used [0x00000000e0000000,0x00000000f11caf50,0x00000000f2780000)
  from space 26112K, 99% used [0x00000000f2780000,0x00000000f40fbf98,0x00000000f4100000)
  to   space 38912K, 0% used [0x00000000fa980000,0x00000000fa980000,0x00000000fcf80000)
 ParOldGen       total 102400K, used 71502K [0x00000000a0000000, 0x00000000a6400000, 0x00000000e0000000)
  object space 102400K, 69% used [0x00000000a0000000,0x00000000a45d39b8,0x00000000a6400000)
 Metaspace       used 93684K, capacity 98332K, committed 98584K, reserved 1134592K
  class space    used 12424K, capacity 13338K, committed 13360K, reserved 1048576K
Event: 27.684 GC heap after
Heap after GC invocations=19 (full 3):
 PSYoungGen      total 403456K, used 38898K [0x00000000e0000000, 0x0000000100000000, 0x0000000100000000)
  eden space 364544K, 0% used [0x00000000e0000000,0x00000000e0000000,0x00000000f6400000)
  from space 38912K, 99% used [0x00000000fa980000,0x00000000fcf7cbf8,0x00000000fcf80000)
  to   space 71168K, 0% used [0x00000000f6400000,0x00000000f6400000,0x00000000fa980000)
 ParOldGen       total 140800K, used 140554K [0x00000000a0000000, 0x00000000a8980000, 0x00000000e0000000)
  object space 140800K, 99% used [0x00000000a0000000,0x00000000a89428d8,0x00000000a8980000)
 Metaspace       used 93684K, capacity 98332K, committed 98584K, reserved 1134592K
  class space    used 12424K, capacity 13338K, committed 13360K, reserved 1048576K
}
Event: 27.684 GC heap before
{Heap before GC invocations=20 (full 4):
 PSYoungGen      total 403456K, used 38898K [0x00000000e0000000, 0x0000000100000000, 0x0000000100000000)
  eden space 364544K, 0% used [0x00000000e0000000,0x00000000e0000000,0x00000000f6400000)
  from space 38912K, 99% used [0x00000000fa980000,0x00000000fcf7cbf8,0x00000000fcf80000)
  to   space 71168K, 0% used [0x00000000f6400000,0x00000000f6400000,0x00000000fa980000)
 ParOldGen       total 140800K, used 140554K [0x00000000a0000000, 0x00000000a8980000, 0x00000000e0000000)
  object space 140800K, 99% used [0x00000000a0000000,0x00000000a89428d8,0x00000000a8980000)
 Metaspace       used 93684K, capacity 98332K, committed 98584K, reserved 1134592K
  class space    used 12424K, capacity 13338K, committed 13360K, reserved 1048576K
Event: 33.618 GC heap after
Heap after GC invocations=20 (full 4):
 PSYoungGen      total 403456K, used 20939K [0x00000000e0000000, 0x0000000100000000, 0x0000000100000000)
  eden space 364544K, 0% used [0x00000000e0000000,0x00000000e0000000,0x00000000f6400000)
  from space 38912K, 53% used [0x00000000fa980000,0x00000000fbdf2d00,0x00000000fcf80000)
  to   space 71168K, 0% used [0x00000000f6400000,0x00000000f6400000,0x00000000fa980000)
 ParOldGen       total 140800K, used 140449K [0x00000000a0000000, 0x00000000a8980000, 0x00000000e0000000)
  object space 140800K, 99% used [0x00000000a0000000,0x00000000a89284c0,0x00000000a8980000)
 Metaspace       used 93290K, capacity 97174K, committed 98584K, reserved 1134592K
  class space    used 12297K, capacity 13113K, committed 13360K, reserved 1048576K
}

